INFO - 2024-09-07 14:25:50 --> Session: Class initialized using 'CodeIgniter\Session\Handlers\FileHandler' driver.
INFO - 2024-09-07 14:26:24 --> Session: Class initialized using 'CodeIgniter\Session\Handlers\FileHandler' driver.
INFO - 2024-09-07 14:27:18 --> Session: Class initialized using 'CodeIgniter\Session\Handlers\FileHandler' driver.
INFO - 2024-09-07 14:27:29 --> Session: Class initialized using 'CodeIgniter\Session\Handlers\FileHandler' driver.
INFO - 2024-09-07 15:25:43 --> Session: Class initialized using 'CodeIgniter\Session\Handlers\FileHandler' driver.
INFO - 2024-09-07 15:25:51 --> Session: Class initialized using 'CodeIgniter\Session\Handlers\FileHandler' driver.
INFO - 2024-09-07 15:25:54 --> Session: Class initialized using 'CodeIgniter\Session\Handlers\FileHandler' driver.
INFO - 2024-09-07 15:25:56 --> Session: Class initialized using 'CodeIgniter\Session\Handlers\FileHandler' driver.
INFO - 2024-09-07 15:25:59 --> Session: Class initialized using 'CodeIgniter\Session\Handlers\FileHandler' driver.
INFO - 2024-09-07 15:26:01 --> Session: Class initialized using 'CodeIgniter\Session\Handlers\FileHandler' driver.
INFO - 2024-09-07 15:26:03 --> Session: Class initialized using 'CodeIgniter\Session\Handlers\FileHandler' driver.
INFO - 2024-09-07 15:26:05 --> Session: Class initialized using 'CodeIgniter\Session\Handlers\FileHandler' driver.
INFO - 2024-09-07 15:26:07 --> Session: Class initialized using 'CodeIgniter\Session\Handlers\FileHandler' driver.
INFO - 2024-09-07 15:26:10 --> Session: Class initialized using 'CodeIgniter\Session\Handlers\FileHandler' driver.
INFO - 2024-09-07 15:26:12 --> Session: Class initialized using 'CodeIgniter\Session\Handlers\FileHandler' driver.
INFO - 2024-09-07 15:26:14 --> Session: Class initialized using 'CodeIgniter\Session\Handlers\FileHandler' driver.
INFO - 2024-09-07 15:26:17 --> Session: Class initialized using 'CodeIgniter\Session\Handlers\FileHandler' driver.
INFO - 2024-09-07 15:26:18 --> Session: Class initialized using 'CodeIgniter\Session\Handlers\FileHandler' driver.
INFO - 2024-09-07 15:26:20 --> Session: Class initialized using 'CodeIgniter\Session\Handlers\FileHandler' driver.
INFO - 2024-09-07 15:26:21 --> Session: Class initialized using 'CodeIgniter\Session\Handlers\FileHandler' driver.
INFO - 2024-09-07 15:26:23 --> Session: Class initialized using 'CodeIgniter\Session\Handlers\FileHandler' driver.
INFO - 2024-09-07 15:26:24 --> Session: Class initialized using 'CodeIgniter\Session\Handlers\FileHandler' driver.
INFO - 2024-09-07 15:26:27 --> Session: Class initialized using 'CodeIgniter\Session\Handlers\FileHandler' driver.
INFO - 2024-09-07 15:26:29 --> Session: Class initialized using 'CodeIgniter\Session\Handlers\FileHandler' driver.
INFO - 2024-09-07 15:26:30 --> Session: Class initialized using 'CodeIgniter\Session\Handlers\FileHandler' driver.
INFO - 2024-09-07 15:26:31 --> Session: Class initialized using 'CodeIgniter\Session\Handlers\FileHandler' driver.
INFO - 2024-09-07 15:44:51 --> Session: Class initialized using 'CodeIgniter\Session\Handlers\FileHandler' driver.
INFO - 2024-09-07 15:48:50 --> Session: Class initialized using 'CodeIgniter\Session\Handlers\FileHandler' driver.
INFO - 2024-09-07 16:02:29 --> Session: Class initialized using 'CodeIgniter\Session\Handlers\FileHandler' driver.
INFO - 2024-09-07 16:02:34 --> Session: Class initialized using 'CodeIgniter\Session\Handlers\FileHandler' driver.
INFO - 2024-09-07 16:03:15 --> Session: Class initialized using 'CodeIgniter\Session\Handlers\FileHandler' driver.
INFO - 2024-09-07 16:03:25 --> Session: Class initialized using 'CodeIgniter\Session\Handlers\FileHandler' driver.
INFO - 2024-09-07 16:03:33 --> Session: Class initialized using 'CodeIgniter\Session\Handlers\FileHandler' driver.
INFO - 2024-09-07 16:03:34 --> Session: Class initialized using 'CodeIgniter\Session\Handlers\FileHandler' driver.
INFO - 2024-09-07 16:03:36 --> Session: Class initialized using 'CodeIgniter\Session\Handlers\FileHandler' driver.
INFO - 2024-09-07 16:06:03 --> Session: Class initialized using 'CodeIgniter\Session\Handlers\FileHandler' driver.
INFO - 2024-09-07 16:06:24 --> Session: Class initialized using 'CodeIgniter\Session\Handlers\FileHandler' driver.
INFO - 2024-09-07 16:06:41 --> Session: Class initialized using 'CodeIgniter\Session\Handlers\FileHandler' driver.
INFO - 2024-09-07 16:07:42 --> Session: Class initialized using 'CodeIgniter\Session\Handlers\FileHandler' driver.
INFO - 2024-09-07 16:08:48 --> Session: Class initialized using 'CodeIgniter\Session\Handlers\FileHandler' driver.
INFO - 2024-09-07 16:09:12 --> Session: Class initialized using 'CodeIgniter\Session\Handlers\FileHandler' driver.
INFO - 2024-09-07 16:09:25 --> Session: Class initialized using 'CodeIgniter\Session\Handlers\FileHandler' driver.
INFO - 2024-09-07 16:13:04 --> Session: Class initialized using 'CodeIgniter\Session\Handlers\FileHandler' driver.
INFO - 2024-09-07 16:13:36 --> Session: Class initialized using 'CodeIgniter\Session\Handlers\FileHandler' driver.
INFO - 2024-09-07 16:13:53 --> Session: Class initialized using 'CodeIgniter\Session\Handlers\FileHandler' driver.
INFO - 2024-09-07 16:14:15 --> Session: Class initialized using 'CodeIgniter\Session\Handlers\FileHandler' driver.
INFO - 2024-09-07 16:14:42 --> Session: Class initialized using 'CodeIgniter\Session\Handlers\FileHandler' driver.
INFO - 2024-09-07 16:15:28 --> Session: Class initialized using 'CodeIgniter\Session\Handlers\FileHandler' driver.
INFO - 2024-09-07 16:16:57 --> Session: Class initialized using 'CodeIgniter\Session\Handlers\FileHandler' driver.
INFO - 2024-09-07 16:19:50 --> Session: Class initialized using 'CodeIgniter\Session\Handlers\FileHandler' driver.
INFO - 2024-09-07 16:23:39 --> Session: Class initialized using 'CodeIgniter\Session\Handlers\FileHandler' driver.
INFO - 2024-09-07 16:23:44 --> Session: Class initialized using 'CodeIgniter\Session\Handlers\FileHandler' driver.
INFO - 2024-09-07 16:23:45 --> Session: Class initialized using 'CodeIgniter\Session\Handlers\FileHandler' driver.
INFO - 2024-09-07 16:25:16 --> Session: Class initialized using 'CodeIgniter\Session\Handlers\FileHandler' driver.
INFO - 2024-09-07 16:25:51 --> Session: Class initialized using 'CodeIgniter\Session\Handlers\FileHandler' driver.
INFO - 2024-09-07 16:27:55 --> Session: Class initialized using 'CodeIgniter\Session\Handlers\FileHandler' driver.
INFO - 2024-09-07 16:28:00 --> Session: Class initialized using 'CodeIgniter\Session\Handlers\FileHandler' driver.
ERROR - 2024-09-07 16:31:14 --> mysqli_sql_exception: Column 'id' in field list is ambiguous in C:\laragon\www\ci4monica\vendor\codeigniter4\framework\system\Database\MySQLi\Connection.php:312
Stack trace:
#0 C:\laragon\www\ci4monica\vendor\codeigniter4\framework\system\Database\MySQLi\Connection.php(312): mysqli->query('SELECT `id`, `k...', 0)
#1 C:\laragon\www\ci4monica\vendor\codeigniter4\framework\system\Database\BaseConnection.php(734): CodeIgniter\Database\MySQLi\Connection->execute('SELECT `id`, `k...')
#2 C:\laragon\www\ci4monica\vendor\codeigniter4\framework\system\Database\BaseConnection.php(648): CodeIgniter\Database\BaseConnection->simpleQuery('SELECT `id`, `k...')
#3 C:\laragon\www\ci4monica\vendor\codeigniter4\framework\system\Database\BaseBuilder.php(1644): CodeIgniter\Database\BaseConnection->query('SELECT `id`, `k...', Array, false)
#4 C:\laragon\www\ci4monica\vendor\hermawan\codeigniter4-datatables\src\DataTableQuery.php(232): CodeIgniter\Database\BaseBuilder->get()
#5 C:\laragon\www\ci4monica\vendor\hermawan\codeigniter4-datatables\src\DataTableQuery.php(70): Hermawan\DataTables\DataTableQuery->queryResult()
#6 C:\laragon\www\ci4monica\vendor\hermawan\codeigniter4-datatables\src\DataTable.php(176): Hermawan\DataTables\DataTableQuery->getDataResult()
#7 C:\laragon\www\ci4monica\app\Controllers\ProgressHps.php(34): Hermawan\DataTables\DataTable->toJson()
#8 C:\laragon\www\ci4monica\vendor\codeigniter4\framework\system\CodeIgniter.php(933): App\Controllers\ProgressHps->table()
#9 C:\laragon\www\ci4monica\vendor\codeigniter4\framework\system\CodeIgniter.php(509): CodeIgniter\CodeIgniter->runController(Object(App\Controllers\ProgressHps))
#10 C:\laragon\www\ci4monica\vendor\codeigniter4\framework\system\CodeIgniter.php(355): CodeIgniter\CodeIgniter->handleRequest(NULL, Object(Config\Cache), false)
#11 C:\laragon\www\ci4monica\vendor\codeigniter4\framework\system\Boot.php(325): CodeIgniter\CodeIgniter->run()
#12 C:\laragon\www\ci4monica\vendor\codeigniter4\framework\system\Boot.php(67): CodeIgniter\Boot::runCodeIgniter(Object(CodeIgniter\CodeIgniter))
#13 C:\laragon\www\ci4monica\public\index.php(56): CodeIgniter\Boot::bootWeb(Object(Config\Paths))
#14 C:\laragon\www\ci4monica\vendor\codeigniter4\framework\system\rewrite.php(44): require_once('C:\\laragon\\www\\...')
#15 {main}
CRITICAL - 2024-09-07 16:31:15 --> CodeIgniter\Database\Exceptions\DatabaseException: Column 'id' in field list is ambiguous
[Method: GET, Route: ProgressHps/table]
in SYSTEMPATH\Database\BaseConnection.php on line 688.
 1 SYSTEMPATH\Database\BaseBuilder.php(1644): CodeIgniter\Database\BaseConnection->query('SELECT `id`, `kode`, `unit`, `parent`, `nama_investasi`, `nomor_ppab_pp`, `nomor_pk`, `tgl_create_pk`, `progress_lapangan`.`progress_lapangan`
FROM `sumber_ips`
JOIN `progress_lapangan` ON `progress_lapangan`.`kode` = `sumber_ips`.`kode`
WHERE `tgl_create_pk` != :tgl_create_pk:
 LIMIT 15', [...], false)
 2 VENDORPATH\hermawan\codeigniter4-datatables\src\DataTableQuery.php(232): CodeIgniter\Database\BaseBuilder->get()
 3 VENDORPATH\hermawan\codeigniter4-datatables\src\DataTableQuery.php(70): Hermawan\DataTables\DataTableQuery->queryResult()
 4 VENDORPATH\hermawan\codeigniter4-datatables\src\DataTable.php(176): Hermawan\DataTables\DataTableQuery->getDataResult()
 5 APPPATH\Controllers\ProgressHps.php(34): Hermawan\DataTables\DataTable->toJson()
 6 SYSTEMPATH\CodeIgniter.php(933): App\Controllers\ProgressHps->table()
 7 SYSTEMPATH\CodeIgniter.php(509): CodeIgniter\CodeIgniter->runController(Object(App\Controllers\ProgressHps))
 8 SYSTEMPATH\CodeIgniter.php(355): CodeIgniter\CodeIgniter->handleRequest(null, Object(Config\Cache), false)
 9 SYSTEMPATH\Boot.php(325): CodeIgniter\CodeIgniter->run()
10 SYSTEMPATH\Boot.php(67): CodeIgniter\Boot::runCodeIgniter(Object(CodeIgniter\CodeIgniter))
11 FCPATH\index.php(56): CodeIgniter\Boot::bootWeb(Object(Config\Paths))
12 SYSTEMPATH\rewrite.php(44): require_once('C:\\laragon\\www\\ci4monica\\public\\index.php')
CRITICAL - 2024-09-07 16:31:15 --> [Caused by] CodeIgniter\Database\Exceptions\DatabaseException: Column 'id' in field list is ambiguous
in SYSTEMPATH\Database\MySQLi\Connection.php on line 317.
 1 SYSTEMPATH\Database\BaseConnection.php(734): CodeIgniter\Database\MySQLi\Connection->execute('SELECT `id`, `kode`, `unit`, `parent`, `nama_investasi`, `nomor_ppab_pp`, `nomor_pk`, `tgl_create_pk`, `progress_lapangan`.`progress_lapangan`
FROM `sumber_ips`
JOIN `progress_lapangan` ON `progress_lapangan`.`kode` = `sumber_ips`.`kode`
WHERE `tgl_create_pk` != \'\'
 LIMIT 15')
 2 SYSTEMPATH\Database\BaseConnection.php(648): CodeIgniter\Database\BaseConnection->simpleQuery('SELECT `id`, `kode`, `unit`, `parent`, `nama_investasi`, `nomor_ppab_pp`, `nomor_pk`, `tgl_create_pk`, `progress_lapangan`.`progress_lapangan`
FROM `sumber_ips`
JOIN `progress_lapangan` ON `progress_lapangan`.`kode` = `sumber_ips`.`kode`
WHERE `tgl_create_pk` != \'\'
 LIMIT 15')
 3 SYSTEMPATH\Database\BaseBuilder.php(1644): CodeIgniter\Database\BaseConnection->query('SELECT `id`, `kode`, `unit`, `parent`, `nama_investasi`, `nomor_ppab_pp`, `nomor_pk`, `tgl_create_pk`, `progress_lapangan`.`progress_lapangan`
FROM `sumber_ips`
JOIN `progress_lapangan` ON `progress_lapangan`.`kode` = `sumber_ips`.`kode`
WHERE `tgl_create_pk` != :tgl_create_pk:
 LIMIT 15', [...], false)
 4 VENDORPATH\hermawan\codeigniter4-datatables\src\DataTableQuery.php(232): CodeIgniter\Database\BaseBuilder->get()
 5 VENDORPATH\hermawan\codeigniter4-datatables\src\DataTableQuery.php(70): Hermawan\DataTables\DataTableQuery->queryResult()
 6 VENDORPATH\hermawan\codeigniter4-datatables\src\DataTable.php(176): Hermawan\DataTables\DataTableQuery->getDataResult()
 7 APPPATH\Controllers\ProgressHps.php(34): Hermawan\DataTables\DataTable->toJson()
 8 SYSTEMPATH\CodeIgniter.php(933): App\Controllers\ProgressHps->table()
 9 SYSTEMPATH\CodeIgniter.php(509): CodeIgniter\CodeIgniter->runController(Object(App\Controllers\ProgressHps))
10 SYSTEMPATH\CodeIgniter.php(355): CodeIgniter\CodeIgniter->handleRequest(null, Object(Config\Cache), false)
11 SYSTEMPATH\Boot.php(325): CodeIgniter\CodeIgniter->run()
12 SYSTEMPATH\Boot.php(67): CodeIgniter\Boot::runCodeIgniter(Object(CodeIgniter\CodeIgniter))
13 FCPATH\index.php(56): CodeIgniter\Boot::bootWeb(Object(Config\Paths))
14 SYSTEMPATH\rewrite.php(44): require_once('C:\\laragon\\www\\ci4monica\\public\\index.php')
CRITICAL - 2024-09-07 16:31:15 --> [Caused by] mysqli_sql_exception: Column 'id' in field list is ambiguous
in SYSTEMPATH\Database\MySQLi\Connection.php on line 312.
 1 SYSTEMPATH\Database\MySQLi\Connection.php(312): mysqli->query('SELECT `id`, `kode`, `unit`, `parent`, `nama_investasi`, `nomor_ppab_pp`, `nomor_pk`, `tgl_create_pk`, `progress_lapangan`.`progress_lapangan`
FROM `sumber_ips`
JOIN `progress_lapangan` ON `progress_lapangan`.`kode` = `sumber_ips`.`kode`
WHERE `tgl_create_pk` != \'\'
 LIMIT 15', 0)
 2 SYSTEMPATH\Database\BaseConnection.php(734): CodeIgniter\Database\MySQLi\Connection->execute('SELECT `id`, `kode`, `unit`, `parent`, `nama_investasi`, `nomor_ppab_pp`, `nomor_pk`, `tgl_create_pk`, `progress_lapangan`.`progress_lapangan`
FROM `sumber_ips`
JOIN `progress_lapangan` ON `progress_lapangan`.`kode` = `sumber_ips`.`kode`
WHERE `tgl_create_pk` != \'\'
 LIMIT 15')
 3 SYSTEMPATH\Database\BaseConnection.php(648): CodeIgniter\Database\BaseConnection->simpleQuery('SELECT `id`, `kode`, `unit`, `parent`, `nama_investasi`, `nomor_ppab_pp`, `nomor_pk`, `tgl_create_pk`, `progress_lapangan`.`progress_lapangan`
FROM `sumber_ips`
JOIN `progress_lapangan` ON `progress_lapangan`.`kode` = `sumber_ips`.`kode`
WHERE `tgl_create_pk` != \'\'
 LIMIT 15')
 4 SYSTEMPATH\Database\BaseBuilder.php(1644): CodeIgniter\Database\BaseConnection->query('SELECT `id`, `kode`, `unit`, `parent`, `nama_investasi`, `nomor_ppab_pp`, `nomor_pk`, `tgl_create_pk`, `progress_lapangan`.`progress_lapangan`
FROM `sumber_ips`
JOIN `progress_lapangan` ON `progress_lapangan`.`kode` = `sumber_ips`.`kode`
WHERE `tgl_create_pk` != :tgl_create_pk:
 LIMIT 15', [...], false)
 5 VENDORPATH\hermawan\codeigniter4-datatables\src\DataTableQuery.php(232): CodeIgniter\Database\BaseBuilder->get()
 6 VENDORPATH\hermawan\codeigniter4-datatables\src\DataTableQuery.php(70): Hermawan\DataTables\DataTableQuery->queryResult()
 7 VENDORPATH\hermawan\codeigniter4-datatables\src\DataTable.php(176): Hermawan\DataTables\DataTableQuery->getDataResult()
 8 APPPATH\Controllers\ProgressHps.php(34): Hermawan\DataTables\DataTable->toJson()
 9 SYSTEMPATH\CodeIgniter.php(933): App\Controllers\ProgressHps->table()
10 SYSTEMPATH\CodeIgniter.php(509): CodeIgniter\CodeIgniter->runController(Object(App\Controllers\ProgressHps))
11 SYSTEMPATH\CodeIgniter.php(355): CodeIgniter\CodeIgniter->handleRequest(null, Object(Config\Cache), false)
12 SYSTEMPATH\Boot.php(325): CodeIgniter\CodeIgniter->run()
13 SYSTEMPATH\Boot.php(67): CodeIgniter\Boot::runCodeIgniter(Object(CodeIgniter\CodeIgniter))
14 FCPATH\index.php(56): CodeIgniter\Boot::bootWeb(Object(Config\Paths))
15 SYSTEMPATH\rewrite.php(44): require_once('C:\\laragon\\www\\ci4monica\\public\\index.php')
ERROR - 2024-09-07 16:31:35 --> mysqli_sql_exception: Column 'id' in field list is ambiguous in C:\laragon\www\ci4monica\vendor\codeigniter4\framework\system\Database\MySQLi\Connection.php:312
Stack trace:
#0 C:\laragon\www\ci4monica\vendor\codeigniter4\framework\system\Database\MySQLi\Connection.php(312): mysqli->query('SELECT `id`, `k...', 0)
#1 C:\laragon\www\ci4monica\vendor\codeigniter4\framework\system\Database\BaseConnection.php(734): CodeIgniter\Database\MySQLi\Connection->execute('SELECT `id`, `k...')
#2 C:\laragon\www\ci4monica\vendor\codeigniter4\framework\system\Database\BaseConnection.php(648): CodeIgniter\Database\BaseConnection->simpleQuery('SELECT `id`, `k...')
#3 C:\laragon\www\ci4monica\vendor\codeigniter4\framework\system\Database\BaseBuilder.php(1644): CodeIgniter\Database\BaseConnection->query('SELECT `id`, `k...', Array, false)
#4 C:\laragon\www\ci4monica\vendor\hermawan\codeigniter4-datatables\src\DataTableQuery.php(232): CodeIgniter\Database\BaseBuilder->get()
#5 C:\laragon\www\ci4monica\vendor\hermawan\codeigniter4-datatables\src\DataTableQuery.php(70): Hermawan\DataTables\DataTableQuery->queryResult()
#6 C:\laragon\www\ci4monica\vendor\hermawan\codeigniter4-datatables\src\DataTable.php(176): Hermawan\DataTables\DataTableQuery->getDataResult()
#7 C:\laragon\www\ci4monica\app\Controllers\ProgressHps.php(34): Hermawan\DataTables\DataTable->toJson()
#8 C:\laragon\www\ci4monica\vendor\codeigniter4\framework\system\CodeIgniter.php(933): App\Controllers\ProgressHps->table()
#9 C:\laragon\www\ci4monica\vendor\codeigniter4\framework\system\CodeIgniter.php(509): CodeIgniter\CodeIgniter->runController(Object(App\Controllers\ProgressHps))
#10 C:\laragon\www\ci4monica\vendor\codeigniter4\framework\system\CodeIgniter.php(355): CodeIgniter\CodeIgniter->handleRequest(NULL, Object(Config\Cache), false)
#11 C:\laragon\www\ci4monica\vendor\codeigniter4\framework\system\Boot.php(325): CodeIgniter\CodeIgniter->run()
#12 C:\laragon\www\ci4monica\vendor\codeigniter4\framework\system\Boot.php(67): CodeIgniter\Boot::runCodeIgniter(Object(CodeIgniter\CodeIgniter))
#13 C:\laragon\www\ci4monica\public\index.php(56): CodeIgniter\Boot::bootWeb(Object(Config\Paths))
#14 C:\laragon\www\ci4monica\vendor\codeigniter4\framework\system\rewrite.php(44): require_once('C:\\laragon\\www\\...')
#15 {main}
CRITICAL - 2024-09-07 16:31:35 --> CodeIgniter\Database\Exceptions\DatabaseException: Column 'id' in field list is ambiguous
[Method: GET, Route: ProgressHps/table]
in SYSTEMPATH\Database\BaseConnection.php on line 688.
 1 SYSTEMPATH\Database\BaseBuilder.php(1644): CodeIgniter\Database\BaseConnection->query('SELECT `id`, `kode`, `unit`, `parent`, `nama_investasi`, `nomor_ppab_pp`, `nomor_pk`, `tgl_create_pk`, `progress_lapangan`.`progress_lapangan`
FROM `sumber_ips`
JOIN `progress_lapangan` ON `progress_lapangan`.`kode` = `sumber_ips`.`kode`
WHERE `tgl_create_pk` != :tgl_create_pk:
 LIMIT 15', [...], false)
 2 VENDORPATH\hermawan\codeigniter4-datatables\src\DataTableQuery.php(232): CodeIgniter\Database\BaseBuilder->get()
 3 VENDORPATH\hermawan\codeigniter4-datatables\src\DataTableQuery.php(70): Hermawan\DataTables\DataTableQuery->queryResult()
 4 VENDORPATH\hermawan\codeigniter4-datatables\src\DataTable.php(176): Hermawan\DataTables\DataTableQuery->getDataResult()
 5 APPPATH\Controllers\ProgressHps.php(34): Hermawan\DataTables\DataTable->toJson()
 6 SYSTEMPATH\CodeIgniter.php(933): App\Controllers\ProgressHps->table()
 7 SYSTEMPATH\CodeIgniter.php(509): CodeIgniter\CodeIgniter->runController(Object(App\Controllers\ProgressHps))
 8 SYSTEMPATH\CodeIgniter.php(355): CodeIgniter\CodeIgniter->handleRequest(null, Object(Config\Cache), false)
 9 SYSTEMPATH\Boot.php(325): CodeIgniter\CodeIgniter->run()
10 SYSTEMPATH\Boot.php(67): CodeIgniter\Boot::runCodeIgniter(Object(CodeIgniter\CodeIgniter))
11 FCPATH\index.php(56): CodeIgniter\Boot::bootWeb(Object(Config\Paths))
12 SYSTEMPATH\rewrite.php(44): require_once('C:\\laragon\\www\\ci4monica\\public\\index.php')
CRITICAL - 2024-09-07 16:31:35 --> [Caused by] CodeIgniter\Database\Exceptions\DatabaseException: Column 'id' in field list is ambiguous
in SYSTEMPATH\Database\MySQLi\Connection.php on line 317.
 1 SYSTEMPATH\Database\BaseConnection.php(734): CodeIgniter\Database\MySQLi\Connection->execute('SELECT `id`, `kode`, `unit`, `parent`, `nama_investasi`, `nomor_ppab_pp`, `nomor_pk`, `tgl_create_pk`, `progress_lapangan`.`progress_lapangan`
FROM `sumber_ips`
JOIN `progress_lapangan` ON `progress_lapangan`.`kode` = `sumber_ips`.`kode`
WHERE `tgl_create_pk` != \'\'
 LIMIT 15')
 2 SYSTEMPATH\Database\BaseConnection.php(648): CodeIgniter\Database\BaseConnection->simpleQuery('SELECT `id`, `kode`, `unit`, `parent`, `nama_investasi`, `nomor_ppab_pp`, `nomor_pk`, `tgl_create_pk`, `progress_lapangan`.`progress_lapangan`
FROM `sumber_ips`
JOIN `progress_lapangan` ON `progress_lapangan`.`kode` = `sumber_ips`.`kode`
WHERE `tgl_create_pk` != \'\'
 LIMIT 15')
 3 SYSTEMPATH\Database\BaseBuilder.php(1644): CodeIgniter\Database\BaseConnection->query('SELECT `id`, `kode`, `unit`, `parent`, `nama_investasi`, `nomor_ppab_pp`, `nomor_pk`, `tgl_create_pk`, `progress_lapangan`.`progress_lapangan`
FROM `sumber_ips`
JOIN `progress_lapangan` ON `progress_lapangan`.`kode` = `sumber_ips`.`kode`
WHERE `tgl_create_pk` != :tgl_create_pk:
 LIMIT 15', [...], false)
 4 VENDORPATH\hermawan\codeigniter4-datatables\src\DataTableQuery.php(232): CodeIgniter\Database\BaseBuilder->get()
 5 VENDORPATH\hermawan\codeigniter4-datatables\src\DataTableQuery.php(70): Hermawan\DataTables\DataTableQuery->queryResult()
 6 VENDORPATH\hermawan\codeigniter4-datatables\src\DataTable.php(176): Hermawan\DataTables\DataTableQuery->getDataResult()
 7 APPPATH\Controllers\ProgressHps.php(34): Hermawan\DataTables\DataTable->toJson()
 8 SYSTEMPATH\CodeIgniter.php(933): App\Controllers\ProgressHps->table()
 9 SYSTEMPATH\CodeIgniter.php(509): CodeIgniter\CodeIgniter->runController(Object(App\Controllers\ProgressHps))
10 SYSTEMPATH\CodeIgniter.php(355): CodeIgniter\CodeIgniter->handleRequest(null, Object(Config\Cache), false)
11 SYSTEMPATH\Boot.php(325): CodeIgniter\CodeIgniter->run()
12 SYSTEMPATH\Boot.php(67): CodeIgniter\Boot::runCodeIgniter(Object(CodeIgniter\CodeIgniter))
13 FCPATH\index.php(56): CodeIgniter\Boot::bootWeb(Object(Config\Paths))
14 SYSTEMPATH\rewrite.php(44): require_once('C:\\laragon\\www\\ci4monica\\public\\index.php')
CRITICAL - 2024-09-07 16:31:35 --> [Caused by] mysqli_sql_exception: Column 'id' in field list is ambiguous
in SYSTEMPATH\Database\MySQLi\Connection.php on line 312.
 1 SYSTEMPATH\Database\MySQLi\Connection.php(312): mysqli->query('SELECT `id`, `kode`, `unit`, `parent`, `nama_investasi`, `nomor_ppab_pp`, `nomor_pk`, `tgl_create_pk`, `progress_lapangan`.`progress_lapangan`
FROM `sumber_ips`
JOIN `progress_lapangan` ON `progress_lapangan`.`kode` = `sumber_ips`.`kode`
WHERE `tgl_create_pk` != \'\'
 LIMIT 15', 0)
 2 SYSTEMPATH\Database\BaseConnection.php(734): CodeIgniter\Database\MySQLi\Connection->execute('SELECT `id`, `kode`, `unit`, `parent`, `nama_investasi`, `nomor_ppab_pp`, `nomor_pk`, `tgl_create_pk`, `progress_lapangan`.`progress_lapangan`
FROM `sumber_ips`
JOIN `progress_lapangan` ON `progress_lapangan`.`kode` = `sumber_ips`.`kode`
WHERE `tgl_create_pk` != \'\'
 LIMIT 15')
 3 SYSTEMPATH\Database\BaseConnection.php(648): CodeIgniter\Database\BaseConnection->simpleQuery('SELECT `id`, `kode`, `unit`, `parent`, `nama_investasi`, `nomor_ppab_pp`, `nomor_pk`, `tgl_create_pk`, `progress_lapangan`.`progress_lapangan`
FROM `sumber_ips`
JOIN `progress_lapangan` ON `progress_lapangan`.`kode` = `sumber_ips`.`kode`
WHERE `tgl_create_pk` != \'\'
 LIMIT 15')
 4 SYSTEMPATH\Database\BaseBuilder.php(1644): CodeIgniter\Database\BaseConnection->query('SELECT `id`, `kode`, `unit`, `parent`, `nama_investasi`, `nomor_ppab_pp`, `nomor_pk`, `tgl_create_pk`, `progress_lapangan`.`progress_lapangan`
FROM `sumber_ips`
JOIN `progress_lapangan` ON `progress_lapangan`.`kode` = `sumber_ips`.`kode`
WHERE `tgl_create_pk` != :tgl_create_pk:
 LIMIT 15', [...], false)
 5 VENDORPATH\hermawan\codeigniter4-datatables\src\DataTableQuery.php(232): CodeIgniter\Database\BaseBuilder->get()
 6 VENDORPATH\hermawan\codeigniter4-datatables\src\DataTableQuery.php(70): Hermawan\DataTables\DataTableQuery->queryResult()
 7 VENDORPATH\hermawan\codeigniter4-datatables\src\DataTable.php(176): Hermawan\DataTables\DataTableQuery->getDataResult()
 8 APPPATH\Controllers\ProgressHps.php(34): Hermawan\DataTables\DataTable->toJson()
 9 SYSTEMPATH\CodeIgniter.php(933): App\Controllers\ProgressHps->table()
10 SYSTEMPATH\CodeIgniter.php(509): CodeIgniter\CodeIgniter->runController(Object(App\Controllers\ProgressHps))
11 SYSTEMPATH\CodeIgniter.php(355): CodeIgniter\CodeIgniter->handleRequest(null, Object(Config\Cache), false)
12 SYSTEMPATH\Boot.php(325): CodeIgniter\CodeIgniter->run()
13 SYSTEMPATH\Boot.php(67): CodeIgniter\Boot::runCodeIgniter(Object(CodeIgniter\CodeIgniter))
14 FCPATH\index.php(56): CodeIgniter\Boot::bootWeb(Object(Config\Paths))
15 SYSTEMPATH\rewrite.php(44): require_once('C:\\laragon\\www\\ci4monica\\public\\index.php')
ERROR - 2024-09-07 16:31:43 --> mysqli_sql_exception: Column 'id' in field list is ambiguous in C:\laragon\www\ci4monica\vendor\codeigniter4\framework\system\Database\MySQLi\Connection.php:312
Stack trace:
#0 C:\laragon\www\ci4monica\vendor\codeigniter4\framework\system\Database\MySQLi\Connection.php(312): mysqli->query('SELECT `id`, `k...', 0)
#1 C:\laragon\www\ci4monica\vendor\codeigniter4\framework\system\Database\BaseConnection.php(734): CodeIgniter\Database\MySQLi\Connection->execute('SELECT `id`, `k...')
#2 C:\laragon\www\ci4monica\vendor\codeigniter4\framework\system\Database\BaseConnection.php(648): CodeIgniter\Database\BaseConnection->simpleQuery('SELECT `id`, `k...')
#3 C:\laragon\www\ci4monica\vendor\codeigniter4\framework\system\Database\BaseBuilder.php(1644): CodeIgniter\Database\BaseConnection->query('SELECT `id`, `k...', Array, false)
#4 C:\laragon\www\ci4monica\vendor\hermawan\codeigniter4-datatables\src\DataTableQuery.php(232): CodeIgniter\Database\BaseBuilder->get()
#5 C:\laragon\www\ci4monica\vendor\hermawan\codeigniter4-datatables\src\DataTableQuery.php(70): Hermawan\DataTables\DataTableQuery->queryResult()
#6 C:\laragon\www\ci4monica\vendor\hermawan\codeigniter4-datatables\src\DataTable.php(176): Hermawan\DataTables\DataTableQuery->getDataResult()
#7 C:\laragon\www\ci4monica\app\Controllers\ProgressHps.php(34): Hermawan\DataTables\DataTable->toJson()
#8 C:\laragon\www\ci4monica\vendor\codeigniter4\framework\system\CodeIgniter.php(933): App\Controllers\ProgressHps->table()
#9 C:\laragon\www\ci4monica\vendor\codeigniter4\framework\system\CodeIgniter.php(509): CodeIgniter\CodeIgniter->runController(Object(App\Controllers\ProgressHps))
#10 C:\laragon\www\ci4monica\vendor\codeigniter4\framework\system\CodeIgniter.php(355): CodeIgniter\CodeIgniter->handleRequest(NULL, Object(Config\Cache), false)
#11 C:\laragon\www\ci4monica\vendor\codeigniter4\framework\system\Boot.php(325): CodeIgniter\CodeIgniter->run()
#12 C:\laragon\www\ci4monica\vendor\codeigniter4\framework\system\Boot.php(67): CodeIgniter\Boot::runCodeIgniter(Object(CodeIgniter\CodeIgniter))
#13 C:\laragon\www\ci4monica\public\index.php(56): CodeIgniter\Boot::bootWeb(Object(Config\Paths))
#14 C:\laragon\www\ci4monica\vendor\codeigniter4\framework\system\rewrite.php(44): require_once('C:\\laragon\\www\\...')
#15 {main}
CRITICAL - 2024-09-07 16:31:43 --> CodeIgniter\Database\Exceptions\DatabaseException: Column 'id' in field list is ambiguous
[Method: GET, Route: ProgressHps/table]
in SYSTEMPATH\Database\BaseConnection.php on line 688.
 1 SYSTEMPATH\Database\BaseBuilder.php(1644): CodeIgniter\Database\BaseConnection->query('SELECT `id`, `kode`, `unit`, `parent`, `nama_investasi`, `nomor_ppab_pp`, `nomor_pk`, `tgl_create_pk`, `progress_lapangan`.`progress_lapangan`
FROM `sumber_ips`
JOIN `progress_lapangan` ON `progress_lapangan`.`kode` = `sumber_ips`.`kode`
WHERE `tgl_create_pk` != :tgl_create_pk:
 LIMIT 15', [...], false)
 2 VENDORPATH\hermawan\codeigniter4-datatables\src\DataTableQuery.php(232): CodeIgniter\Database\BaseBuilder->get()
 3 VENDORPATH\hermawan\codeigniter4-datatables\src\DataTableQuery.php(70): Hermawan\DataTables\DataTableQuery->queryResult()
 4 VENDORPATH\hermawan\codeigniter4-datatables\src\DataTable.php(176): Hermawan\DataTables\DataTableQuery->getDataResult()
 5 APPPATH\Controllers\ProgressHps.php(34): Hermawan\DataTables\DataTable->toJson()
 6 SYSTEMPATH\CodeIgniter.php(933): App\Controllers\ProgressHps->table()
 7 SYSTEMPATH\CodeIgniter.php(509): CodeIgniter\CodeIgniter->runController(Object(App\Controllers\ProgressHps))
 8 SYSTEMPATH\CodeIgniter.php(355): CodeIgniter\CodeIgniter->handleRequest(null, Object(Config\Cache), false)
 9 SYSTEMPATH\Boot.php(325): CodeIgniter\CodeIgniter->run()
10 SYSTEMPATH\Boot.php(67): CodeIgniter\Boot::runCodeIgniter(Object(CodeIgniter\CodeIgniter))
11 FCPATH\index.php(56): CodeIgniter\Boot::bootWeb(Object(Config\Paths))
12 SYSTEMPATH\rewrite.php(44): require_once('C:\\laragon\\www\\ci4monica\\public\\index.php')
CRITICAL - 2024-09-07 16:31:43 --> [Caused by] CodeIgniter\Database\Exceptions\DatabaseException: Column 'id' in field list is ambiguous
in SYSTEMPATH\Database\MySQLi\Connection.php on line 317.
 1 SYSTEMPATH\Database\BaseConnection.php(734): CodeIgniter\Database\MySQLi\Connection->execute('SELECT `id`, `kode`, `unit`, `parent`, `nama_investasi`, `nomor_ppab_pp`, `nomor_pk`, `tgl_create_pk`, `progress_lapangan`.`progress_lapangan`
FROM `sumber_ips`
JOIN `progress_lapangan` ON `progress_lapangan`.`kode` = `sumber_ips`.`kode`
WHERE `tgl_create_pk` != \'\'
 LIMIT 15')
 2 SYSTEMPATH\Database\BaseConnection.php(648): CodeIgniter\Database\BaseConnection->simpleQuery('SELECT `id`, `kode`, `unit`, `parent`, `nama_investasi`, `nomor_ppab_pp`, `nomor_pk`, `tgl_create_pk`, `progress_lapangan`.`progress_lapangan`
FROM `sumber_ips`
JOIN `progress_lapangan` ON `progress_lapangan`.`kode` = `sumber_ips`.`kode`
WHERE `tgl_create_pk` != \'\'
 LIMIT 15')
 3 SYSTEMPATH\Database\BaseBuilder.php(1644): CodeIgniter\Database\BaseConnection->query('SELECT `id`, `kode`, `unit`, `parent`, `nama_investasi`, `nomor_ppab_pp`, `nomor_pk`, `tgl_create_pk`, `progress_lapangan`.`progress_lapangan`
FROM `sumber_ips`
JOIN `progress_lapangan` ON `progress_lapangan`.`kode` = `sumber_ips`.`kode`
WHERE `tgl_create_pk` != :tgl_create_pk:
 LIMIT 15', [...], false)
 4 VENDORPATH\hermawan\codeigniter4-datatables\src\DataTableQuery.php(232): CodeIgniter\Database\BaseBuilder->get()
 5 VENDORPATH\hermawan\codeigniter4-datatables\src\DataTableQuery.php(70): Hermawan\DataTables\DataTableQuery->queryResult()
 6 VENDORPATH\hermawan\codeigniter4-datatables\src\DataTable.php(176): Hermawan\DataTables\DataTableQuery->getDataResult()
 7 APPPATH\Controllers\ProgressHps.php(34): Hermawan\DataTables\DataTable->toJson()
 8 SYSTEMPATH\CodeIgniter.php(933): App\Controllers\ProgressHps->table()
 9 SYSTEMPATH\CodeIgniter.php(509): CodeIgniter\CodeIgniter->runController(Object(App\Controllers\ProgressHps))
10 SYSTEMPATH\CodeIgniter.php(355): CodeIgniter\CodeIgniter->handleRequest(null, Object(Config\Cache), false)
11 SYSTEMPATH\Boot.php(325): CodeIgniter\CodeIgniter->run()
12 SYSTEMPATH\Boot.php(67): CodeIgniter\Boot::runCodeIgniter(Object(CodeIgniter\CodeIgniter))
13 FCPATH\index.php(56): CodeIgniter\Boot::bootWeb(Object(Config\Paths))
14 SYSTEMPATH\rewrite.php(44): require_once('C:\\laragon\\www\\ci4monica\\public\\index.php')
CRITICAL - 2024-09-07 16:31:43 --> [Caused by] mysqli_sql_exception: Column 'id' in field list is ambiguous
in SYSTEMPATH\Database\MySQLi\Connection.php on line 312.
 1 SYSTEMPATH\Database\MySQLi\Connection.php(312): mysqli->query('SELECT `id`, `kode`, `unit`, `parent`, `nama_investasi`, `nomor_ppab_pp`, `nomor_pk`, `tgl_create_pk`, `progress_lapangan`.`progress_lapangan`
FROM `sumber_ips`
JOIN `progress_lapangan` ON `progress_lapangan`.`kode` = `sumber_ips`.`kode`
WHERE `tgl_create_pk` != \'\'
 LIMIT 15', 0)
 2 SYSTEMPATH\Database\BaseConnection.php(734): CodeIgniter\Database\MySQLi\Connection->execute('SELECT `id`, `kode`, `unit`, `parent`, `nama_investasi`, `nomor_ppab_pp`, `nomor_pk`, `tgl_create_pk`, `progress_lapangan`.`progress_lapangan`
FROM `sumber_ips`
JOIN `progress_lapangan` ON `progress_lapangan`.`kode` = `sumber_ips`.`kode`
WHERE `tgl_create_pk` != \'\'
 LIMIT 15')
 3 SYSTEMPATH\Database\BaseConnection.php(648): CodeIgniter\Database\BaseConnection->simpleQuery('SELECT `id`, `kode`, `unit`, `parent`, `nama_investasi`, `nomor_ppab_pp`, `nomor_pk`, `tgl_create_pk`, `progress_lapangan`.`progress_lapangan`
FROM `sumber_ips`
JOIN `progress_lapangan` ON `progress_lapangan`.`kode` = `sumber_ips`.`kode`
WHERE `tgl_create_pk` != \'\'
 LIMIT 15')
 4 SYSTEMPATH\Database\BaseBuilder.php(1644): CodeIgniter\Database\BaseConnection->query('SELECT `id`, `kode`, `unit`, `parent`, `nama_investasi`, `nomor_ppab_pp`, `nomor_pk`, `tgl_create_pk`, `progress_lapangan`.`progress_lapangan`
FROM `sumber_ips`
JOIN `progress_lapangan` ON `progress_lapangan`.`kode` = `sumber_ips`.`kode`
WHERE `tgl_create_pk` != :tgl_create_pk:
 LIMIT 15', [...], false)
 5 VENDORPATH\hermawan\codeigniter4-datatables\src\DataTableQuery.php(232): CodeIgniter\Database\BaseBuilder->get()
 6 VENDORPATH\hermawan\codeigniter4-datatables\src\DataTableQuery.php(70): Hermawan\DataTables\DataTableQuery->queryResult()
 7 VENDORPATH\hermawan\codeigniter4-datatables\src\DataTable.php(176): Hermawan\DataTables\DataTableQuery->getDataResult()
 8 APPPATH\Controllers\ProgressHps.php(34): Hermawan\DataTables\DataTable->toJson()
 9 SYSTEMPATH\CodeIgniter.php(933): App\Controllers\ProgressHps->table()
10 SYSTEMPATH\CodeIgniter.php(509): CodeIgniter\CodeIgniter->runController(Object(App\Controllers\ProgressHps))
11 SYSTEMPATH\CodeIgniter.php(355): CodeIgniter\CodeIgniter->handleRequest(null, Object(Config\Cache), false)
12 SYSTEMPATH\Boot.php(325): CodeIgniter\CodeIgniter->run()
13 SYSTEMPATH\Boot.php(67): CodeIgniter\Boot::runCodeIgniter(Object(CodeIgniter\CodeIgniter))
14 FCPATH\index.php(56): CodeIgniter\Boot::bootWeb(Object(Config\Paths))
15 SYSTEMPATH\rewrite.php(44): require_once('C:\\laragon\\www\\ci4monica\\public\\index.php')
INFO - 2024-09-07 16:35:08 --> Session: Class initialized using 'CodeIgniter\Session\Handlers\FileHandler' driver.
INFO - 2024-09-07 16:41:08 --> Session: Class initialized using 'CodeIgniter\Session\Handlers\FileHandler' driver.
CRITICAL - 2024-09-07 16:41:13 --> ParseError: syntax error, unexpected token "}", expecting ";"
[Method: POST, Route: progresshps]
in APPPATH\Controllers\ProgressHps.php on line 56.
 1 SYSTEMPATH\Router\Router.php(563): CodeIgniter\Router\AutoRouter->getRoute('progresshps', 'POST')
 2 SYSTEMPATH\Router\Router.php(228): CodeIgniter\Router\Router->autoRoute('progresshps')
 3 SYSTEMPATH\CodeIgniter.php(834): CodeIgniter\Router\Router->handle('progresshps')
 4 SYSTEMPATH\CodeIgniter.php(457): CodeIgniter\CodeIgniter->tryToRouteIt(Object(CodeIgniter\Router\RouteCollection))
 5 SYSTEMPATH\CodeIgniter.php(355): CodeIgniter\CodeIgniter->handleRequest(null, Object(Config\Cache), false)
 6 SYSTEMPATH\Boot.php(325): CodeIgniter\CodeIgniter->run()
 7 SYSTEMPATH\Boot.php(67): CodeIgniter\Boot::runCodeIgniter(Object(CodeIgniter\CodeIgniter))
 8 FCPATH\index.php(56): CodeIgniter\Boot::bootWeb(Object(Config\Paths))
 9 SYSTEMPATH\rewrite.php(44): require_once('C:\\laragon\\www\\ci4monica\\public\\index.php')
CRITICAL - 2024-09-07 16:41:15 --> ParseError: syntax error, unexpected token "}", expecting ";"
[Method: POST, Route: progresshps]
in APPPATH\Controllers\ProgressHps.php on line 56.
 1 SYSTEMPATH\Router\Router.php(563): CodeIgniter\Router\AutoRouter->getRoute('progresshps', 'POST')
 2 SYSTEMPATH\Router\Router.php(228): CodeIgniter\Router\Router->autoRoute('progresshps')
 3 SYSTEMPATH\CodeIgniter.php(834): CodeIgniter\Router\Router->handle('progresshps')
 4 SYSTEMPATH\CodeIgniter.php(457): CodeIgniter\CodeIgniter->tryToRouteIt(Object(CodeIgniter\Router\RouteCollection))
 5 SYSTEMPATH\CodeIgniter.php(355): CodeIgniter\CodeIgniter->handleRequest(null, Object(Config\Cache), false)
 6 SYSTEMPATH\Boot.php(325): CodeIgniter\CodeIgniter->run()
 7 SYSTEMPATH\Boot.php(67): CodeIgniter\Boot::runCodeIgniter(Object(CodeIgniter\CodeIgniter))
 8 FCPATH\index.php(56): CodeIgniter\Boot::bootWeb(Object(Config\Paths))
 9 SYSTEMPATH\rewrite.php(44): require_once('C:\\laragon\\www\\ci4monica\\public\\index.php')
CRITICAL - 2024-09-07 16:41:23 --> ParseError: syntax error, unexpected token "}", expecting ";"
[Method: POST, Route: progresshps]
in APPPATH\Controllers\ProgressHps.php on line 56.
 1 SYSTEMPATH\Router\Router.php(563): CodeIgniter\Router\AutoRouter->getRoute('progresshps', 'POST')
 2 SYSTEMPATH\Router\Router.php(228): CodeIgniter\Router\Router->autoRoute('progresshps')
 3 SYSTEMPATH\CodeIgniter.php(834): CodeIgniter\Router\Router->handle('progresshps')
 4 SYSTEMPATH\CodeIgniter.php(457): CodeIgniter\CodeIgniter->tryToRouteIt(Object(CodeIgniter\Router\RouteCollection))
 5 SYSTEMPATH\CodeIgniter.php(355): CodeIgniter\CodeIgniter->handleRequest(null, Object(Config\Cache), false)
 6 SYSTEMPATH\Boot.php(325): CodeIgniter\CodeIgniter->run()
 7 SYSTEMPATH\Boot.php(67): CodeIgniter\Boot::runCodeIgniter(Object(CodeIgniter\CodeIgniter))
 8 FCPATH\index.php(56): CodeIgniter\Boot::bootWeb(Object(Config\Paths))
 9 SYSTEMPATH\rewrite.php(44): require_once('C:\\laragon\\www\\ci4monica\\public\\index.php')
CRITICAL - 2024-09-07 16:41:26 --> ParseError: syntax error, unexpected token "}", expecting ";"
[Method: GET, Route: progresshps]
in APPPATH\Controllers\ProgressHps.php on line 56.
 1 SYSTEMPATH\Router\Router.php(563): CodeIgniter\Router\AutoRouter->getRoute('progresshps', 'GET')
 2 SYSTEMPATH\Router\Router.php(228): CodeIgniter\Router\Router->autoRoute('progresshps')
 3 SYSTEMPATH\CodeIgniter.php(834): CodeIgniter\Router\Router->handle('progresshps')
 4 SYSTEMPATH\CodeIgniter.php(457): CodeIgniter\CodeIgniter->tryToRouteIt(Object(CodeIgniter\Router\RouteCollection))
 5 SYSTEMPATH\CodeIgniter.php(355): CodeIgniter\CodeIgniter->handleRequest(null, Object(Config\Cache), false)
 6 SYSTEMPATH\Boot.php(325): CodeIgniter\CodeIgniter->run()
 7 SYSTEMPATH\Boot.php(67): CodeIgniter\Boot::runCodeIgniter(Object(CodeIgniter\CodeIgniter))
 8 FCPATH\index.php(56): CodeIgniter\Boot::bootWeb(Object(Config\Paths))
 9 SYSTEMPATH\rewrite.php(44): require_once('C:\\laragon\\www\\ci4monica\\public\\index.php')
INFO - 2024-09-07 16:41:36 --> Session: Class initialized using 'CodeIgniter\Session\Handlers\FileHandler' driver.
INFO - 2024-09-07 16:42:24 --> Session: Class initialized using 'CodeIgniter\Session\Handlers\FileHandler' driver.
INFO - 2024-09-07 16:43:41 --> Session: Class initialized using 'CodeIgniter\Session\Handlers\FileHandler' driver.
INFO - 2024-09-07 16:47:02 --> Session: Class initialized using 'CodeIgniter\Session\Handlers\FileHandler' driver.
INFO - 2024-09-07 17:00:01 --> Session: Class initialized using 'CodeIgniter\Session\Handlers\FileHandler' driver.
INFO - 2024-09-07 17:00:50 --> Session: Class initialized using 'CodeIgniter\Session\Handlers\FileHandler' driver.
INFO - 2024-09-07 17:11:36 --> Session: Class initialized using 'CodeIgniter\Session\Handlers\FileHandler' driver.
INFO - 2024-09-07 17:12:54 --> Session: Class initialized using 'CodeIgniter\Session\Handlers\FileHandler' driver.
INFO - 2024-09-07 17:15:09 --> Session: Class initialized using 'CodeIgniter\Session\Handlers\FileHandler' driver.
INFO - 2024-09-07 17:15:51 --> Session: Class initialized using 'CodeIgniter\Session\Handlers\FileHandler' driver.
INFO - 2024-09-07 17:20:18 --> Session: Class initialized using 'CodeIgniter\Session\Handlers\FileHandler' driver.
INFO - 2024-09-07 17:54:07 --> Session: Class initialized using 'CodeIgniter\Session\Handlers\FileHandler' driver.
INFO - 2024-09-07 17:54:36 --> Session: Class initialized using 'CodeIgniter\Session\Handlers\FileHandler' driver.
INFO - 2024-09-07 17:54:43 --> Session: Class initialized using 'CodeIgniter\Session\Handlers\FileHandler' driver.
INFO - 2024-09-07 17:55:08 --> Session: Class initialized using 'CodeIgniter\Session\Handlers\FileHandler' driver.
INFO - 2024-09-07 18:04:56 --> Session: Class initialized using 'CodeIgniter\Session\Handlers\FileHandler' driver.
INFO - 2024-09-07 19:37:34 --> Session: Class initialized using 'CodeIgniter\Session\Handlers\FileHandler' driver.
INFO - 2024-09-07 19:37:35 --> Session: Class initialized using 'CodeIgniter\Session\Handlers\FileHandler' driver.
INFO - 2024-09-07 19:38:19 --> Session: Class initialized using 'CodeIgniter\Session\Handlers\FileHandler' driver.
INFO - 2024-09-07 19:47:15 --> Session: Class initialized using 'CodeIgniter\Session\Handlers\FileHandler' driver.
INFO - 2024-09-07 19:47:20 --> Session: Class initialized using 'CodeIgniter\Session\Handlers\FileHandler' driver.
INFO - 2024-09-07 19:47:25 --> Session: Class initialized using 'CodeIgniter\Session\Handlers\FileHandler' driver.
INFO - 2024-09-07 19:47:26 --> Session: Class initialized using 'CodeIgniter\Session\Handlers\FileHandler' driver.
CRITICAL - 2024-09-07 19:48:09 --> ErrorException: Undefined property: stdClass::$progress_lapangan
[Method: POST, Route: ProgressHps/table]
in APPPATH\Controllers\ProgressHps.php on line 90.
 1 APPPATH\Controllers\ProgressHps.php(90): CodeIgniter\Debug\Exceptions->errorHandler(2, 'Undefined property: stdClass::$progress_lapangan', 'C:\\laragon\\www\\ci4monica\\app\\Controllers\\ProgressHps.php', 90)
 2 SYSTEMPATH\CodeIgniter.php(933): App\Controllers\ProgressHps->table()
 3 SYSTEMPATH\CodeIgniter.php(509): CodeIgniter\CodeIgniter->runController(Object(App\Controllers\ProgressHps))
 4 SYSTEMPATH\CodeIgniter.php(355): CodeIgniter\CodeIgniter->handleRequest(null, Object(Config\Cache), false)
 5 SYSTEMPATH\Boot.php(325): CodeIgniter\CodeIgniter->run()
 6 SYSTEMPATH\Boot.php(67): CodeIgniter\Boot::runCodeIgniter(Object(CodeIgniter\CodeIgniter))
 7 FCPATH\index.php(56): CodeIgniter\Boot::bootWeb(Object(Config\Paths))
 8 SYSTEMPATH\rewrite.php(44): require_once('C:\\laragon\\www\\ci4monica\\public\\index.php')
INFO - 2024-09-07 19:56:36 --> Session: Class initialized using 'CodeIgniter\Session\Handlers\FileHandler' driver.
INFO - 2024-09-07 21:41:06 --> Session: Class initialized using 'CodeIgniter\Session\Handlers\FileHandler' driver.
INFO - 2024-09-07 21:42:09 --> Session: Class initialized using 'CodeIgniter\Session\Handlers\FileHandler' driver.
INFO - 2024-09-07 21:42:15 --> Session: Class initialized using 'CodeIgniter\Session\Handlers\FileHandler' driver.
INFO - 2024-09-07 21:42:22 --> Session: Class initialized using 'CodeIgniter\Session\Handlers\FileHandler' driver.
INFO - 2024-09-07 21:42:26 --> Session: Class initialized using 'CodeIgniter\Session\Handlers\FileHandler' driver.
INFO - 2024-09-07 21:42:28 --> Session: Class initialized using 'CodeIgniter\Session\Handlers\FileHandler' driver.
INFO - 2024-09-07 21:42:30 --> Session: Class initialized using 'CodeIgniter\Session\Handlers\FileHandler' driver.
INFO - 2024-09-07 21:42:32 --> Session: Class initialized using 'CodeIgniter\Session\Handlers\FileHandler' driver.
INFO - 2024-09-07 21:42:34 --> Session: Class initialized using 'CodeIgniter\Session\Handlers\FileHandler' driver.
INFO - 2024-09-07 21:42:34 --> Session: Class initialized using 'CodeIgniter\Session\Handlers\FileHandler' driver.
INFO - 2024-09-07 21:42:36 --> Session: Class initialized using 'CodeIgniter\Session\Handlers\FileHandler' driver.
INFO - 2024-09-07 21:42:39 --> Session: Class initialized using 'CodeIgniter\Session\Handlers\FileHandler' driver.
INFO - 2024-09-07 21:42:39 --> Session: Class initialized using 'CodeIgniter\Session\Handlers\FileHandler' driver.
INFO - 2024-09-07 21:42:40 --> Session: Class initialized using 'CodeIgniter\Session\Handlers\FileHandler' driver.
INFO - 2024-09-07 21:47:43 --> Session: Class initialized using 'CodeIgniter\Session\Handlers\FileHandler' driver.
INFO - 2024-09-07 21:49:28 --> Session: Class initialized using 'CodeIgniter\Session\Handlers\FileHandler' driver.
INFO - 2024-09-07 21:52:34 --> Session: Class initialized using 'CodeIgniter\Session\Handlers\FileHandler' driver.
INFO - 2024-09-07 21:52:58 --> Session: Class initialized using 'CodeIgniter\Session\Handlers\FileHandler' driver.
INFO - 2024-09-07 21:53:59 --> Session: Class initialized using 'CodeIgniter\Session\Handlers\FileHandler' driver.
