INFO - 2024-09-08 12:01:13 --> Session: Class initialized using 'CodeIgniter\Session\Handlers\FileHandler' driver.
INFO - 2024-09-08 12:01:39 --> Session: Class initialized using 'CodeIgniter\Session\Handlers\FileHandler' driver.
INFO - 2024-09-08 12:01:56 --> Session: Class initialized using 'CodeIgniter\Session\Handlers\FileHandler' driver.
INFO - 2024-09-08 12:02:02 --> Session: Class initialized using 'CodeIgniter\Session\Handlers\FileHandler' driver.
INFO - 2024-09-08 12:05:50 --> Session: Class initialized using 'CodeIgniter\Session\Handlers\FileHandler' driver.
INFO - 2024-09-08 12:06:39 --> Session: Class initialized using 'CodeIgniter\Session\Handlers\FileHandler' driver.
INFO - 2024-09-08 12:07:16 --> Session: Class initialized using 'CodeIgniter\Session\Handlers\FileHandler' driver.
INFO - 2024-09-08 12:08:49 --> Session: Class initialized using 'CodeIgniter\Session\Handlers\FileHandler' driver.
ERROR - 2024-09-08 12:11:06 --> Error connecting to the database: mysqli_sql_exception: A connection attempt failed because the connected party did not properly respond after a period of time, or established connection failed because connected host has failed to respond in C:\laragon\www\ci4monica\vendor\codeigniter4\framework\system\Database\MySQLi\Connection.php:186
Stack trace:
#0 C:\laragon\www\ci4monica\vendor\codeigniter4\framework\system\Database\MySQLi\Connection.php(186): mysqli->real_connect('103.120.206.214', 'mariadb', Object(SensitiveParameterValue), 'ci4monica', 3855, '', 0)
#1 C:\laragon\www\ci4monica\vendor\codeigniter4\framework\system\Database\BaseConnection.php(421): CodeIgniter\Database\MySQLi\Connection->connect(false)
#2 C:\laragon\www\ci4monica\vendor\codeigniter4\framework\system\Database\BaseConnection.php(616): CodeIgniter\Database\BaseConnection->initialize()
#3 C:\laragon\www\ci4monica\vendor\codeigniter4\framework\system\Database\BaseBuilder.php(1644): CodeIgniter\Database\BaseConnection->query('SELECT `sumber_...', Array, false)
#4 C:\laragon\www\ci4monica\vendor\codeigniter4\framework\system\Model.php(286): CodeIgniter\Database\BaseBuilder->get()
#5 C:\laragon\www\ci4monica\vendor\codeigniter4\framework\system\BaseModel.php(676): CodeIgniter\Model->doFindAll(0, 0)
#6 C:\laragon\www\ci4monica\app\Controllers\ProgressHps.php(82): CodeIgniter\BaseModel->findAll()
#7 C:\laragon\www\ci4monica\vendor\codeigniter4\framework\system\CodeIgniter.php(933): App\Controllers\ProgressHps->table()
#8 C:\laragon\www\ci4monica\vendor\codeigniter4\framework\system\CodeIgniter.php(509): CodeIgniter\CodeIgniter->runController(Object(App\Controllers\ProgressHps))
#9 C:\laragon\www\ci4monica\vendor\codeigniter4\framework\system\CodeIgniter.php(355): CodeIgniter\CodeIgniter->handleRequest(NULL, Object(Config\Cache), false)
#10 C:\laragon\www\ci4monica\vendor\codeigniter4\framework\system\Boot.php(325): CodeIgniter\CodeIgniter->run()
#11 C:\laragon\www\ci4monica\vendor\codeigniter4\framework\system\Boot.php(67): CodeIgniter\Boot::runCodeIgniter(Object(CodeIgniter\CodeIgniter))
#12 C:\laragon\www\ci4monica\public\index.php(56): CodeIgniter\Boot::bootWeb(Object(Config\Paths))
#13 C:\laragon\www\ci4monica\vendor\codeigniter4\framework\system\rewrite.php(44): require_once('C:\\laragon\\www\\...')
#14 {main}

Next CodeIgniter\Database\Exceptions\DatabaseException: A connection attempt failed because the connected party did not properly respond after a period of time, or established connection failed because connected host has failed to respond in C:\laragon\www\ci4monica\vendor\codeigniter4\framework\system\Database\MySQLi\Connection.php:231
Stack trace:
#0 C:\laragon\www\ci4monica\vendor\codeigniter4\framework\system\Database\BaseConnection.php(421): CodeIgniter\Database\MySQLi\Connection->connect(false)
#1 C:\laragon\www\ci4monica\vendor\codeigniter4\framework\system\Database\BaseConnection.php(616): CodeIgniter\Database\BaseConnection->initialize()
#2 C:\laragon\www\ci4monica\vendor\codeigniter4\framework\system\Database\BaseBuilder.php(1644): CodeIgniter\Database\BaseConnection->query('SELECT `sumber_...', Array, false)
#3 C:\laragon\www\ci4monica\vendor\codeigniter4\framework\system\Model.php(286): CodeIgniter\Database\BaseBuilder->get()
#4 C:\laragon\www\ci4monica\vendor\codeigniter4\framework\system\BaseModel.php(676): CodeIgniter\Model->doFindAll(0, 0)
#5 C:\laragon\www\ci4monica\app\Controllers\ProgressHps.php(82): CodeIgniter\BaseModel->findAll()
#6 C:\laragon\www\ci4monica\vendor\codeigniter4\framework\system\CodeIgniter.php(933): App\Controllers\ProgressHps->table()
#7 C:\laragon\www\ci4monica\vendor\codeigniter4\framework\system\CodeIgniter.php(509): CodeIgniter\CodeIgniter->runController(Object(App\Controllers\ProgressHps))
#8 C:\laragon\www\ci4monica\vendor\codeigniter4\framework\system\CodeIgniter.php(355): CodeIgniter\CodeIgniter->handleRequest(NULL, Object(Config\Cache), false)
#9 C:\laragon\www\ci4monica\vendor\codeigniter4\framework\system\Boot.php(325): CodeIgniter\CodeIgniter->run()
#10 C:\laragon\www\ci4monica\vendor\codeigniter4\framework\system\Boot.php(67): CodeIgniter\Boot::runCodeIgniter(Object(CodeIgniter\CodeIgniter))
#11 C:\laragon\www\ci4monica\public\index.php(56): CodeIgniter\Boot::bootWeb(Object(Config\Paths))
#12 C:\laragon\www\ci4monica\vendor\codeigniter4\framework\system\rewrite.php(44): require_once('C:\\laragon\\www\\...')
#13 {main}
CRITICAL - 2024-09-08 12:11:06 --> CodeIgniter\Database\Exceptions\DatabaseException: Unable to connect to the database.
Main connection [MySQLi]: A connection attempt failed because the connected party did not properly respond after a period of time, or established connection failed because connected host has failed to respond
[Method: POST, Route: ProgressHps/table]
in SYSTEMPATH\Database\BaseConnection.php on line 467.
 1 SYSTEMPATH\Database\BaseConnection.php(616): CodeIgniter\Database\BaseConnection->initialize()
 2 SYSTEMPATH\Database\BaseBuilder.php(1644): CodeIgniter\Database\BaseConnection->query('SELECT `sumber_ips`.`id`, `sumber_ips`.`kode`, `sumber_ips`.`unit`, `sumber_ips`.`parent`, `sumber_ips`.`nama_investasi`, `sumber_ips`.`nomor_ppab_pp`, `sumber_ips`.`nomor_pk`, `sumber_ips`.`tgl_create_pk`, `progress_lapangan`.`progress_lapangan`
FROM `sumber_ips`
JOIN `progress_lapangan` ON `progress_lapangan`.`kode` = `sumber_ips`.`kode`
WHERE `sumber_ips`.`tgl_create_pk` != :sumber_ips.tgl_create_pk:', [...], false)
 3 SYSTEMPATH\Model.php(286): CodeIgniter\Database\BaseBuilder->get()
 4 SYSTEMPATH\BaseModel.php(676): CodeIgniter\Model->doFindAll(0, 0)
 5 APPPATH\Controllers\ProgressHps.php(82): CodeIgniter\BaseModel->findAll()
 6 SYSTEMPATH\CodeIgniter.php(933): App\Controllers\ProgressHps->table()
 7 SYSTEMPATH\CodeIgniter.php(509): CodeIgniter\CodeIgniter->runController(Object(App\Controllers\ProgressHps))
 8 SYSTEMPATH\CodeIgniter.php(355): CodeIgniter\CodeIgniter->handleRequest(null, Object(Config\Cache), false)
 9 SYSTEMPATH\Boot.php(325): CodeIgniter\CodeIgniter->run()
10 SYSTEMPATH\Boot.php(67): CodeIgniter\Boot::runCodeIgniter(Object(CodeIgniter\CodeIgniter))
11 FCPATH\index.php(56): CodeIgniter\Boot::bootWeb(Object(Config\Paths))
12 SYSTEMPATH\rewrite.php(44): require_once('C:\\laragon\\www\\ci4monica\\public\\index.php')
INFO - 2024-09-08 12:15:02 --> Session: Class initialized using 'CodeIgniter\Session\Handlers\FileHandler' driver.
INFO - 2024-09-08 12:15:36 --> Session: Class initialized using 'CodeIgniter\Session\Handlers\FileHandler' driver.
INFO - 2024-09-08 12:16:30 --> Session: Class initialized using 'CodeIgniter\Session\Handlers\FileHandler' driver.
INFO - 2024-09-08 12:39:07 --> Session: Class initialized using 'CodeIgniter\Session\Handlers\FileHandler' driver.
INFO - 2024-09-08 12:41:28 --> Session: Class initialized using 'CodeIgniter\Session\Handlers\FileHandler' driver.
ERROR - 2024-09-08 12:41:43 --> Error connecting to the database: mysqli_sql_exception: A connection attempt failed because the connected party did not properly respond after a period of time, or established connection failed because connected host has failed to respond in C:\laragon\www\ci4monica\vendor\codeigniter4\framework\system\Database\MySQLi\Connection.php:186
Stack trace:
#0 C:\laragon\www\ci4monica\vendor\codeigniter4\framework\system\Database\MySQLi\Connection.php(186): mysqli->real_connect('103.120.206.214', 'mariadb', Object(SensitiveParameterValue), 'ci4monica', 3855, '', 0)
#1 C:\laragon\www\ci4monica\vendor\codeigniter4\framework\system\Database\BaseConnection.php(421): CodeIgniter\Database\MySQLi\Connection->connect(false)
#2 C:\laragon\www\ci4monica\vendor\codeigniter4\framework\system\Database\BaseConnection.php(616): CodeIgniter\Database\BaseConnection->initialize()
#3 C:\laragon\www\ci4monica\vendor\codeigniter4\framework\system\Database\BaseBuilder.php(1728): CodeIgniter\Database\BaseConnection->query('SELECT COUNT(*)...', Array, false)
#4 C:\laragon\www\ci4monica\vendor\hermawan\codeigniter4-datatables\src\DataTableQuery.php(53): CodeIgniter\Database\BaseBuilder->countAllResults()
#5 C:\laragon\www\ci4monica\vendor\hermawan\codeigniter4-datatables\src\DataTable.php(174): Hermawan\DataTables\DataTableQuery->countAll()
#6 C:\laragon\www\ci4monica\app\Controllers\PKS.php(40): Hermawan\DataTables\DataTable->toJson()
#7 C:\laragon\www\ci4monica\vendor\codeigniter4\framework\system\CodeIgniter.php(933): App\Controllers\PKS->tebel()
#8 C:\laragon\www\ci4monica\vendor\codeigniter4\framework\system\CodeIgniter.php(509): CodeIgniter\CodeIgniter->runController(Object(App\Controllers\PKS))
#9 C:\laragon\www\ci4monica\vendor\codeigniter4\framework\system\CodeIgniter.php(355): CodeIgniter\CodeIgniter->handleRequest(NULL, Object(Config\Cache), false)
#10 C:\laragon\www\ci4monica\vendor\codeigniter4\framework\system\Boot.php(325): CodeIgniter\CodeIgniter->run()
#11 C:\laragon\www\ci4monica\vendor\codeigniter4\framework\system\Boot.php(67): CodeIgniter\Boot::runCodeIgniter(Object(CodeIgniter\CodeIgniter))
#12 C:\laragon\www\ci4monica\public\index.php(56): CodeIgniter\Boot::bootWeb(Object(Config\Paths))
#13 C:\laragon\www\ci4monica\vendor\codeigniter4\framework\system\rewrite.php(44): require_once('C:\\laragon\\www\\...')
#14 {main}

Next CodeIgniter\Database\Exceptions\DatabaseException: A connection attempt failed because the connected party did not properly respond after a period of time, or established connection failed because connected host has failed to respond in C:\laragon\www\ci4monica\vendor\codeigniter4\framework\system\Database\MySQLi\Connection.php:231
Stack trace:
#0 C:\laragon\www\ci4monica\vendor\codeigniter4\framework\system\Database\BaseConnection.php(421): CodeIgniter\Database\MySQLi\Connection->connect(false)
#1 C:\laragon\www\ci4monica\vendor\codeigniter4\framework\system\Database\BaseConnection.php(616): CodeIgniter\Database\BaseConnection->initialize()
#2 C:\laragon\www\ci4monica\vendor\codeigniter4\framework\system\Database\BaseBuilder.php(1728): CodeIgniter\Database\BaseConnection->query('SELECT COUNT(*)...', Array, false)
#3 C:\laragon\www\ci4monica\vendor\hermawan\codeigniter4-datatables\src\DataTableQuery.php(53): CodeIgniter\Database\BaseBuilder->countAllResults()
#4 C:\laragon\www\ci4monica\vendor\hermawan\codeigniter4-datatables\src\DataTable.php(174): Hermawan\DataTables\DataTableQuery->countAll()
#5 C:\laragon\www\ci4monica\app\Controllers\PKS.php(40): Hermawan\DataTables\DataTable->toJson()
#6 C:\laragon\www\ci4monica\vendor\codeigniter4\framework\system\CodeIgniter.php(933): App\Controllers\PKS->tebel()
#7 C:\laragon\www\ci4monica\vendor\codeigniter4\framework\system\CodeIgniter.php(509): CodeIgniter\CodeIgniter->runController(Object(App\Controllers\PKS))
#8 C:\laragon\www\ci4monica\vendor\codeigniter4\framework\system\CodeIgniter.php(355): CodeIgniter\CodeIgniter->handleRequest(NULL, Object(Config\Cache), false)
#9 C:\laragon\www\ci4monica\vendor\codeigniter4\framework\system\Boot.php(325): CodeIgniter\CodeIgniter->run()
#10 C:\laragon\www\ci4monica\vendor\codeigniter4\framework\system\Boot.php(67): CodeIgniter\Boot::runCodeIgniter(Object(CodeIgniter\CodeIgniter))
#11 C:\laragon\www\ci4monica\public\index.php(56): CodeIgniter\Boot::bootWeb(Object(Config\Paths))
#12 C:\laragon\www\ci4monica\vendor\codeigniter4\framework\system\rewrite.php(44): require_once('C:\\laragon\\www\\...')
#13 {main}
CRITICAL - 2024-09-08 12:41:43 --> CodeIgniter\Database\Exceptions\DatabaseException: Unable to connect to the database.
Main connection [MySQLi]: A connection attempt failed because the connected party did not properly respond after a period of time, or established connection failed because connected host has failed to respond
[Method: POST, Route: PKS/tebel]
in SYSTEMPATH\Database\BaseConnection.php on line 467.
 1 SYSTEMPATH\Database\BaseConnection.php(616): CodeIgniter\Database\BaseConnection->initialize()
 2 SYSTEMPATH\Database\BaseBuilder.php(1728): CodeIgniter\Database\BaseConnection->query('SELECT COUNT(*) AS `numrows`
FROM `pks`
JOIN `regional` ON `regional`.`id` = `pks`.`regional_id`', [], false)
 3 VENDORPATH\hermawan\codeigniter4-datatables\src\DataTableQuery.php(53): CodeIgniter\Database\BaseBuilder->countAllResults()
 4 VENDORPATH\hermawan\codeigniter4-datatables\src\DataTable.php(174): Hermawan\DataTables\DataTableQuery->countAll()
 5 APPPATH\Controllers\PKS.php(40): Hermawan\DataTables\DataTable->toJson()
 6 SYSTEMPATH\CodeIgniter.php(933): App\Controllers\PKS->tebel()
 7 SYSTEMPATH\CodeIgniter.php(509): CodeIgniter\CodeIgniter->runController(Object(App\Controllers\PKS))
 8 SYSTEMPATH\CodeIgniter.php(355): CodeIgniter\CodeIgniter->handleRequest(null, Object(Config\Cache), false)
 9 SYSTEMPATH\Boot.php(325): CodeIgniter\CodeIgniter->run()
10 SYSTEMPATH\Boot.php(67): CodeIgniter\Boot::runCodeIgniter(Object(CodeIgniter\CodeIgniter))
11 FCPATH\index.php(56): CodeIgniter\Boot::bootWeb(Object(Config\Paths))
12 SYSTEMPATH\rewrite.php(44): require_once('C:\\laragon\\www\\ci4monica\\public\\index.php')
ERROR - 2024-09-08 12:42:29 --> Error connecting to the database: mysqli_sql_exception: A connection attempt failed because the connected party did not properly respond after a period of time, or established connection failed because connected host has failed to respond in C:\laragon\www\ci4monica\vendor\codeigniter4\framework\system\Database\MySQLi\Connection.php:186
Stack trace:
#0 C:\laragon\www\ci4monica\vendor\codeigniter4\framework\system\Database\MySQLi\Connection.php(186): mysqli->real_connect('103.120.206.214', 'mariadb', Object(SensitiveParameterValue), 'ci4monica', 3855, '', 0)
#1 C:\laragon\www\ci4monica\vendor\codeigniter4\framework\system\Database\BaseConnection.php(421): CodeIgniter\Database\MySQLi\Connection->connect(false)
#2 C:\laragon\www\ci4monica\vendor\codeigniter4\framework\system\Database\BaseConnection.php(616): CodeIgniter\Database\BaseConnection->initialize()
#3 C:\laragon\www\ci4monica\vendor\codeigniter4\framework\system\Database\BaseBuilder.php(1673): CodeIgniter\Database\BaseConnection->query('SELECT COUNT(*)...', NULL, false)
#4 C:\laragon\www\ci4monica\vendor\codeigniter4\framework\system\Model.php(930): CodeIgniter\Database\BaseBuilder->countAll()
#5 C:\laragon\www\ci4monica\app\Controllers\Dashboard.php(16): CodeIgniter\Model->__call('countAll', Array)
#6 C:\laragon\www\ci4monica\vendor\codeigniter4\framework\system\CodeIgniter.php(933): App\Controllers\Dashboard->index()
#7 C:\laragon\www\ci4monica\vendor\codeigniter4\framework\system\CodeIgniter.php(509): CodeIgniter\CodeIgniter->runController(Object(App\Controllers\Dashboard))
#8 C:\laragon\www\ci4monica\vendor\codeigniter4\framework\system\CodeIgniter.php(355): CodeIgniter\CodeIgniter->handleRequest(NULL, Object(Config\Cache), false)
#9 C:\laragon\www\ci4monica\vendor\codeigniter4\framework\system\Boot.php(325): CodeIgniter\CodeIgniter->run()
#10 C:\laragon\www\ci4monica\vendor\codeigniter4\framework\system\Boot.php(67): CodeIgniter\Boot::runCodeIgniter(Object(CodeIgniter\CodeIgniter))
#11 C:\laragon\www\ci4monica\public\index.php(56): CodeIgniter\Boot::bootWeb(Object(Config\Paths))
#12 C:\laragon\www\ci4monica\vendor\codeigniter4\framework\system\rewrite.php(44): require_once('C:\\laragon\\www\\...')
#13 {main}

Next CodeIgniter\Database\Exceptions\DatabaseException: A connection attempt failed because the connected party did not properly respond after a period of time, or established connection failed because connected host has failed to respond in C:\laragon\www\ci4monica\vendor\codeigniter4\framework\system\Database\MySQLi\Connection.php:231
Stack trace:
#0 C:\laragon\www\ci4monica\vendor\codeigniter4\framework\system\Database\BaseConnection.php(421): CodeIgniter\Database\MySQLi\Connection->connect(false)
#1 C:\laragon\www\ci4monica\vendor\codeigniter4\framework\system\Database\BaseConnection.php(616): CodeIgniter\Database\BaseConnection->initialize()
#2 C:\laragon\www\ci4monica\vendor\codeigniter4\framework\system\Database\BaseBuilder.php(1673): CodeIgniter\Database\BaseConnection->query('SELECT COUNT(*)...', NULL, false)
#3 C:\laragon\www\ci4monica\vendor\codeigniter4\framework\system\Model.php(930): CodeIgniter\Database\BaseBuilder->countAll()
#4 C:\laragon\www\ci4monica\app\Controllers\Dashboard.php(16): CodeIgniter\Model->__call('countAll', Array)
#5 C:\laragon\www\ci4monica\vendor\codeigniter4\framework\system\CodeIgniter.php(933): App\Controllers\Dashboard->index()
#6 C:\laragon\www\ci4monica\vendor\codeigniter4\framework\system\CodeIgniter.php(509): CodeIgniter\CodeIgniter->runController(Object(App\Controllers\Dashboard))
#7 C:\laragon\www\ci4monica\vendor\codeigniter4\framework\system\CodeIgniter.php(355): CodeIgniter\CodeIgniter->handleRequest(NULL, Object(Config\Cache), false)
#8 C:\laragon\www\ci4monica\vendor\codeigniter4\framework\system\Boot.php(325): CodeIgniter\CodeIgniter->run()
#9 C:\laragon\www\ci4monica\vendor\codeigniter4\framework\system\Boot.php(67): CodeIgniter\Boot::runCodeIgniter(Object(CodeIgniter\CodeIgniter))
#10 C:\laragon\www\ci4monica\public\index.php(56): CodeIgniter\Boot::bootWeb(Object(Config\Paths))
#11 C:\laragon\www\ci4monica\vendor\codeigniter4\framework\system\rewrite.php(44): require_once('C:\\laragon\\www\\...')
#12 {main}
CRITICAL - 2024-09-08 12:42:29 --> CodeIgniter\Database\Exceptions\DatabaseException: Unable to connect to the database.
Main connection [MySQLi]: A connection attempt failed because the connected party did not properly respond after a period of time, or established connection failed because connected host has failed to respond
[Method: GET, Route: dashboard]
in SYSTEMPATH\Database\BaseConnection.php on line 467.
 1 SYSTEMPATH\Database\BaseConnection.php(616): CodeIgniter\Database\BaseConnection->initialize()
 2 SYSTEMPATH\Database\BaseBuilder.php(1673): CodeIgniter\Database\BaseConnection->query('SELECT COUNT(*) AS `numrows` FROM `sumber_ips`', null, false)
 3 SYSTEMPATH\Model.php(930): CodeIgniter\Database\BaseBuilder->countAll()
 4 APPPATH\Controllers\Dashboard.php(16): CodeIgniter\Model->__call('countAll', [])
 5 SYSTEMPATH\CodeIgniter.php(933): App\Controllers\Dashboard->index()
 6 SYSTEMPATH\CodeIgniter.php(509): CodeIgniter\CodeIgniter->runController(Object(App\Controllers\Dashboard))
 7 SYSTEMPATH\CodeIgniter.php(355): CodeIgniter\CodeIgniter->handleRequest(null, Object(Config\Cache), false)
 8 SYSTEMPATH\Boot.php(325): CodeIgniter\CodeIgniter->run()
 9 SYSTEMPATH\Boot.php(67): CodeIgniter\Boot::runCodeIgniter(Object(CodeIgniter\CodeIgniter))
10 FCPATH\index.php(56): CodeIgniter\Boot::bootWeb(Object(Config\Paths))
11 SYSTEMPATH\rewrite.php(44): require_once('C:\\laragon\\www\\ci4monica\\public\\index.php')
INFO - 2024-09-08 12:42:34 --> Session: Class initialized using 'CodeIgniter\Session\Handlers\FileHandler' driver.
INFO - 2024-09-08 13:01:34 --> Session: Class initialized using 'CodeIgniter\Session\Handlers\FileHandler' driver.
INFO - 2024-09-08 13:02:02 --> Session: Class initialized using 'CodeIgniter\Session\Handlers\FileHandler' driver.
INFO - 2024-09-08 13:04:09 --> Session: Class initialized using 'CodeIgniter\Session\Handlers\FileHandler' driver.
INFO - 2024-09-08 13:08:14 --> Session: Class initialized using 'CodeIgniter\Session\Handlers\FileHandler' driver.
INFO - 2024-09-08 13:10:57 --> Session: Class initialized using 'CodeIgniter\Session\Handlers\FileHandler' driver.
INFO - 2024-09-08 13:25:39 --> Session: Class initialized using 'CodeIgniter\Session\Handlers\FileHandler' driver.
INFO - 2024-09-08 13:26:01 --> Session: Class initialized using 'CodeIgniter\Session\Handlers\FileHandler' driver.
INFO - 2024-09-08 14:22:23 --> Session: Class initialized using 'CodeIgniter\Session\Handlers\FileHandler' driver.
INFO - 2024-09-08 14:22:29 --> Session: Class initialized using 'CodeIgniter\Session\Handlers\FileHandler' driver.
INFO - 2024-09-08 14:25:57 --> Session: Class initialized using 'CodeIgniter\Session\Handlers\FileHandler' driver.
INFO - 2024-09-08 14:26:03 --> Session: Class initialized using 'CodeIgniter\Session\Handlers\FileHandler' driver.
ERROR - 2024-09-08 14:31:18 --> mysqli_sql_exception: Unknown column 'input_photo' in 'field list' in C:\laragon\www\ci4monica\vendor\codeigniter4\framework\system\Database\MySQLi\Connection.php:312
Stack trace:
#0 C:\laragon\www\ci4monica\vendor\codeigniter4\framework\system\Database\MySQLi\Connection.php(312): mysqli->query('SELECT `id`, `k...', 0)
#1 C:\laragon\www\ci4monica\vendor\codeigniter4\framework\system\Database\BaseConnection.php(734): CodeIgniter\Database\MySQLi\Connection->execute('SELECT `id`, `k...')
#2 C:\laragon\www\ci4monica\vendor\codeigniter4\framework\system\Database\BaseConnection.php(648): CodeIgniter\Database\BaseConnection->simpleQuery('SELECT `id`, `k...')
#3 C:\laragon\www\ci4monica\vendor\codeigniter4\framework\system\Database\BaseBuilder.php(1644): CodeIgniter\Database\BaseConnection->query('SELECT `id`, `k...', Array, false)
#4 C:\laragon\www\ci4monica\vendor\hermawan\codeigniter4-datatables\src\DataTableQuery.php(232): CodeIgniter\Database\BaseBuilder->get()
#5 C:\laragon\www\ci4monica\vendor\hermawan\codeigniter4-datatables\src\DataTableQuery.php(70): Hermawan\DataTables\DataTableQuery->queryResult()
#6 C:\laragon\www\ci4monica\vendor\hermawan\codeigniter4-datatables\src\DataTable.php(176): Hermawan\DataTables\DataTableQuery->getDataResult()
#7 C:\laragon\www\ci4monica\app\Controllers\ProgressLapangan.php(36): Hermawan\DataTables\DataTable->toJson()
#8 C:\laragon\www\ci4monica\vendor\codeigniter4\framework\system\CodeIgniter.php(933): App\Controllers\ProgressLapangan->tableProgressLapangan()
#9 C:\laragon\www\ci4monica\vendor\codeigniter4\framework\system\CodeIgniter.php(509): CodeIgniter\CodeIgniter->runController(Object(App\Controllers\ProgressLapangan))
#10 C:\laragon\www\ci4monica\vendor\codeigniter4\framework\system\CodeIgniter.php(355): CodeIgniter\CodeIgniter->handleRequest(NULL, Object(Config\Cache), false)
#11 C:\laragon\www\ci4monica\vendor\codeigniter4\framework\system\Boot.php(325): CodeIgniter\CodeIgniter->run()
#12 C:\laragon\www\ci4monica\vendor\codeigniter4\framework\system\Boot.php(67): CodeIgniter\Boot::runCodeIgniter(Object(CodeIgniter\CodeIgniter))
#13 C:\laragon\www\ci4monica\public\index.php(56): CodeIgniter\Boot::bootWeb(Object(Config\Paths))
#14 C:\laragon\www\ci4monica\vendor\codeigniter4\framework\system\rewrite.php(44): require_once('C:\\laragon\\www\\...')
#15 {main}
CRITICAL - 2024-09-08 14:31:18 --> CodeIgniter\Database\Exceptions\DatabaseException: Unknown column 'input_photo' in 'field list'
[Method: POST, Route: progresslapangan/tableProgressLapangan]
in SYSTEMPATH\Database\BaseConnection.php on line 688.
 1 SYSTEMPATH\Database\BaseBuilder.php(1644): CodeIgniter\Database\BaseConnection->query('SELECT `id`, `kode`, `unit`, `parent`, `nama_investasi`, `progress_lapangan`, `input_photo`
FROM `progress_lapangan`
 LIMIT 50', [], false)
 2 VENDORPATH\hermawan\codeigniter4-datatables\src\DataTableQuery.php(232): CodeIgniter\Database\BaseBuilder->get()
 3 VENDORPATH\hermawan\codeigniter4-datatables\src\DataTableQuery.php(70): Hermawan\DataTables\DataTableQuery->queryResult()
 4 VENDORPATH\hermawan\codeigniter4-datatables\src\DataTable.php(176): Hermawan\DataTables\DataTableQuery->getDataResult()
 5 APPPATH\Controllers\ProgressLapangan.php(36): Hermawan\DataTables\DataTable->toJson()
 6 SYSTEMPATH\CodeIgniter.php(933): App\Controllers\ProgressLapangan->tableProgressLapangan()
 7 SYSTEMPATH\CodeIgniter.php(509): CodeIgniter\CodeIgniter->runController(Object(App\Controllers\ProgressLapangan))
 8 SYSTEMPATH\CodeIgniter.php(355): CodeIgniter\CodeIgniter->handleRequest(null, Object(Config\Cache), false)
 9 SYSTEMPATH\Boot.php(325): CodeIgniter\CodeIgniter->run()
10 SYSTEMPATH\Boot.php(67): CodeIgniter\Boot::runCodeIgniter(Object(CodeIgniter\CodeIgniter))
11 FCPATH\index.php(56): CodeIgniter\Boot::bootWeb(Object(Config\Paths))
12 SYSTEMPATH\rewrite.php(44): require_once('C:\\laragon\\www\\ci4monica\\public\\index.php')
CRITICAL - 2024-09-08 14:31:18 --> [Caused by] CodeIgniter\Database\Exceptions\DatabaseException: Unknown column 'input_photo' in 'field list'
in SYSTEMPATH\Database\MySQLi\Connection.php on line 317.
 1 SYSTEMPATH\Database\BaseConnection.php(734): CodeIgniter\Database\MySQLi\Connection->execute('SELECT `id`, `kode`, `unit`, `parent`, `nama_investasi`, `progress_lapangan`, `input_photo`
FROM `progress_lapangan`
 LIMIT 50')
 2 SYSTEMPATH\Database\BaseConnection.php(648): CodeIgniter\Database\BaseConnection->simpleQuery('SELECT `id`, `kode`, `unit`, `parent`, `nama_investasi`, `progress_lapangan`, `input_photo`
FROM `progress_lapangan`
 LIMIT 50')
 3 SYSTEMPATH\Database\BaseBuilder.php(1644): CodeIgniter\Database\BaseConnection->query('SELECT `id`, `kode`, `unit`, `parent`, `nama_investasi`, `progress_lapangan`, `input_photo`
FROM `progress_lapangan`
 LIMIT 50', [], false)
 4 VENDORPATH\hermawan\codeigniter4-datatables\src\DataTableQuery.php(232): CodeIgniter\Database\BaseBuilder->get()
 5 VENDORPATH\hermawan\codeigniter4-datatables\src\DataTableQuery.php(70): Hermawan\DataTables\DataTableQuery->queryResult()
 6 VENDORPATH\hermawan\codeigniter4-datatables\src\DataTable.php(176): Hermawan\DataTables\DataTableQuery->getDataResult()
 7 APPPATH\Controllers\ProgressLapangan.php(36): Hermawan\DataTables\DataTable->toJson()
 8 SYSTEMPATH\CodeIgniter.php(933): App\Controllers\ProgressLapangan->tableProgressLapangan()
 9 SYSTEMPATH\CodeIgniter.php(509): CodeIgniter\CodeIgniter->runController(Object(App\Controllers\ProgressLapangan))
10 SYSTEMPATH\CodeIgniter.php(355): CodeIgniter\CodeIgniter->handleRequest(null, Object(Config\Cache), false)
11 SYSTEMPATH\Boot.php(325): CodeIgniter\CodeIgniter->run()
12 SYSTEMPATH\Boot.php(67): CodeIgniter\Boot::runCodeIgniter(Object(CodeIgniter\CodeIgniter))
13 FCPATH\index.php(56): CodeIgniter\Boot::bootWeb(Object(Config\Paths))
14 SYSTEMPATH\rewrite.php(44): require_once('C:\\laragon\\www\\ci4monica\\public\\index.php')
CRITICAL - 2024-09-08 14:31:18 --> [Caused by] mysqli_sql_exception: Unknown column 'input_photo' in 'field list'
in SYSTEMPATH\Database\MySQLi\Connection.php on line 312.
 1 SYSTEMPATH\Database\MySQLi\Connection.php(312): mysqli->query('SELECT `id`, `kode`, `unit`, `parent`, `nama_investasi`, `progress_lapangan`, `input_photo`
FROM `progress_lapangan`
 LIMIT 50', 0)
 2 SYSTEMPATH\Database\BaseConnection.php(734): CodeIgniter\Database\MySQLi\Connection->execute('SELECT `id`, `kode`, `unit`, `parent`, `nama_investasi`, `progress_lapangan`, `input_photo`
FROM `progress_lapangan`
 LIMIT 50')
 3 SYSTEMPATH\Database\BaseConnection.php(648): CodeIgniter\Database\BaseConnection->simpleQuery('SELECT `id`, `kode`, `unit`, `parent`, `nama_investasi`, `progress_lapangan`, `input_photo`
FROM `progress_lapangan`
 LIMIT 50')
 4 SYSTEMPATH\Database\BaseBuilder.php(1644): CodeIgniter\Database\BaseConnection->query('SELECT `id`, `kode`, `unit`, `parent`, `nama_investasi`, `progress_lapangan`, `input_photo`
FROM `progress_lapangan`
 LIMIT 50', [], false)
 5 VENDORPATH\hermawan\codeigniter4-datatables\src\DataTableQuery.php(232): CodeIgniter\Database\BaseBuilder->get()
 6 VENDORPATH\hermawan\codeigniter4-datatables\src\DataTableQuery.php(70): Hermawan\DataTables\DataTableQuery->queryResult()
 7 VENDORPATH\hermawan\codeigniter4-datatables\src\DataTable.php(176): Hermawan\DataTables\DataTableQuery->getDataResult()
 8 APPPATH\Controllers\ProgressLapangan.php(36): Hermawan\DataTables\DataTable->toJson()
 9 SYSTEMPATH\CodeIgniter.php(933): App\Controllers\ProgressLapangan->tableProgressLapangan()
10 SYSTEMPATH\CodeIgniter.php(509): CodeIgniter\CodeIgniter->runController(Object(App\Controllers\ProgressLapangan))
11 SYSTEMPATH\CodeIgniter.php(355): CodeIgniter\CodeIgniter->handleRequest(null, Object(Config\Cache), false)
12 SYSTEMPATH\Boot.php(325): CodeIgniter\CodeIgniter->run()
13 SYSTEMPATH\Boot.php(67): CodeIgniter\Boot::runCodeIgniter(Object(CodeIgniter\CodeIgniter))
14 FCPATH\index.php(56): CodeIgniter\Boot::bootWeb(Object(Config\Paths))
15 SYSTEMPATH\rewrite.php(44): require_once('C:\\laragon\\www\\ci4monica\\public\\index.php')
ERROR - 2024-09-08 14:31:29 --> mysqli_sql_exception: Unknown column 'input_photo' in 'field list' in C:\laragon\www\ci4monica\vendor\codeigniter4\framework\system\Database\MySQLi\Connection.php:312
Stack trace:
#0 C:\laragon\www\ci4monica\vendor\codeigniter4\framework\system\Database\MySQLi\Connection.php(312): mysqli->query('SELECT `id`, `k...', 0)
#1 C:\laragon\www\ci4monica\vendor\codeigniter4\framework\system\Database\BaseConnection.php(734): CodeIgniter\Database\MySQLi\Connection->execute('SELECT `id`, `k...')
#2 C:\laragon\www\ci4monica\vendor\codeigniter4\framework\system\Database\BaseConnection.php(648): CodeIgniter\Database\BaseConnection->simpleQuery('SELECT `id`, `k...')
#3 C:\laragon\www\ci4monica\vendor\codeigniter4\framework\system\Database\BaseBuilder.php(1644): CodeIgniter\Database\BaseConnection->query('SELECT `id`, `k...', Array, false)
#4 C:\laragon\www\ci4monica\vendor\hermawan\codeigniter4-datatables\src\DataTableQuery.php(232): CodeIgniter\Database\BaseBuilder->get()
#5 C:\laragon\www\ci4monica\vendor\hermawan\codeigniter4-datatables\src\DataTableQuery.php(70): Hermawan\DataTables\DataTableQuery->queryResult()
#6 C:\laragon\www\ci4monica\vendor\hermawan\codeigniter4-datatables\src\DataTable.php(176): Hermawan\DataTables\DataTableQuery->getDataResult()
#7 C:\laragon\www\ci4monica\app\Controllers\ProgressLapangan.php(36): Hermawan\DataTables\DataTable->toJson()
#8 C:\laragon\www\ci4monica\vendor\codeigniter4\framework\system\CodeIgniter.php(933): App\Controllers\ProgressLapangan->tableProgressLapangan()
#9 C:\laragon\www\ci4monica\vendor\codeigniter4\framework\system\CodeIgniter.php(509): CodeIgniter\CodeIgniter->runController(Object(App\Controllers\ProgressLapangan))
#10 C:\laragon\www\ci4monica\vendor\codeigniter4\framework\system\CodeIgniter.php(355): CodeIgniter\CodeIgniter->handleRequest(NULL, Object(Config\Cache), false)
#11 C:\laragon\www\ci4monica\vendor\codeigniter4\framework\system\Boot.php(325): CodeIgniter\CodeIgniter->run()
#12 C:\laragon\www\ci4monica\vendor\codeigniter4\framework\system\Boot.php(67): CodeIgniter\Boot::runCodeIgniter(Object(CodeIgniter\CodeIgniter))
#13 C:\laragon\www\ci4monica\public\index.php(56): CodeIgniter\Boot::bootWeb(Object(Config\Paths))
#14 C:\laragon\www\ci4monica\vendor\codeigniter4\framework\system\rewrite.php(44): require_once('C:\\laragon\\www\\...')
#15 {main}
CRITICAL - 2024-09-08 14:31:29 --> CodeIgniter\Database\Exceptions\DatabaseException: Unknown column 'input_photo' in 'field list'
[Method: POST, Route: progresslapangan/tableProgressLapangan]
in SYSTEMPATH\Database\BaseConnection.php on line 688.
 1 SYSTEMPATH\Database\BaseBuilder.php(1644): CodeIgniter\Database\BaseConnection->query('SELECT `id`, `kode`, `unit`, `parent`, `nama_investasi`, `progress_lapangan`, `input_photo`
FROM `progress_lapangan`
 LIMIT 50', [], false)
 2 VENDORPATH\hermawan\codeigniter4-datatables\src\DataTableQuery.php(232): CodeIgniter\Database\BaseBuilder->get()
 3 VENDORPATH\hermawan\codeigniter4-datatables\src\DataTableQuery.php(70): Hermawan\DataTables\DataTableQuery->queryResult()
 4 VENDORPATH\hermawan\codeigniter4-datatables\src\DataTable.php(176): Hermawan\DataTables\DataTableQuery->getDataResult()
 5 APPPATH\Controllers\ProgressLapangan.php(36): Hermawan\DataTables\DataTable->toJson()
 6 SYSTEMPATH\CodeIgniter.php(933): App\Controllers\ProgressLapangan->tableProgressLapangan()
 7 SYSTEMPATH\CodeIgniter.php(509): CodeIgniter\CodeIgniter->runController(Object(App\Controllers\ProgressLapangan))
 8 SYSTEMPATH\CodeIgniter.php(355): CodeIgniter\CodeIgniter->handleRequest(null, Object(Config\Cache), false)
 9 SYSTEMPATH\Boot.php(325): CodeIgniter\CodeIgniter->run()
10 SYSTEMPATH\Boot.php(67): CodeIgniter\Boot::runCodeIgniter(Object(CodeIgniter\CodeIgniter))
11 FCPATH\index.php(56): CodeIgniter\Boot::bootWeb(Object(Config\Paths))
12 SYSTEMPATH\rewrite.php(44): require_once('C:\\laragon\\www\\ci4monica\\public\\index.php')
CRITICAL - 2024-09-08 14:31:29 --> [Caused by] CodeIgniter\Database\Exceptions\DatabaseException: Unknown column 'input_photo' in 'field list'
in SYSTEMPATH\Database\MySQLi\Connection.php on line 317.
 1 SYSTEMPATH\Database\BaseConnection.php(734): CodeIgniter\Database\MySQLi\Connection->execute('SELECT `id`, `kode`, `unit`, `parent`, `nama_investasi`, `progress_lapangan`, `input_photo`
FROM `progress_lapangan`
 LIMIT 50')
 2 SYSTEMPATH\Database\BaseConnection.php(648): CodeIgniter\Database\BaseConnection->simpleQuery('SELECT `id`, `kode`, `unit`, `parent`, `nama_investasi`, `progress_lapangan`, `input_photo`
FROM `progress_lapangan`
 LIMIT 50')
 3 SYSTEMPATH\Database\BaseBuilder.php(1644): CodeIgniter\Database\BaseConnection->query('SELECT `id`, `kode`, `unit`, `parent`, `nama_investasi`, `progress_lapangan`, `input_photo`
FROM `progress_lapangan`
 LIMIT 50', [], false)
 4 VENDORPATH\hermawan\codeigniter4-datatables\src\DataTableQuery.php(232): CodeIgniter\Database\BaseBuilder->get()
 5 VENDORPATH\hermawan\codeigniter4-datatables\src\DataTableQuery.php(70): Hermawan\DataTables\DataTableQuery->queryResult()
 6 VENDORPATH\hermawan\codeigniter4-datatables\src\DataTable.php(176): Hermawan\DataTables\DataTableQuery->getDataResult()
 7 APPPATH\Controllers\ProgressLapangan.php(36): Hermawan\DataTables\DataTable->toJson()
 8 SYSTEMPATH\CodeIgniter.php(933): App\Controllers\ProgressLapangan->tableProgressLapangan()
 9 SYSTEMPATH\CodeIgniter.php(509): CodeIgniter\CodeIgniter->runController(Object(App\Controllers\ProgressLapangan))
10 SYSTEMPATH\CodeIgniter.php(355): CodeIgniter\CodeIgniter->handleRequest(null, Object(Config\Cache), false)
11 SYSTEMPATH\Boot.php(325): CodeIgniter\CodeIgniter->run()
12 SYSTEMPATH\Boot.php(67): CodeIgniter\Boot::runCodeIgniter(Object(CodeIgniter\CodeIgniter))
13 FCPATH\index.php(56): CodeIgniter\Boot::bootWeb(Object(Config\Paths))
14 SYSTEMPATH\rewrite.php(44): require_once('C:\\laragon\\www\\ci4monica\\public\\index.php')
CRITICAL - 2024-09-08 14:31:29 --> [Caused by] mysqli_sql_exception: Unknown column 'input_photo' in 'field list'
in SYSTEMPATH\Database\MySQLi\Connection.php on line 312.
 1 SYSTEMPATH\Database\MySQLi\Connection.php(312): mysqli->query('SELECT `id`, `kode`, `unit`, `parent`, `nama_investasi`, `progress_lapangan`, `input_photo`
FROM `progress_lapangan`
 LIMIT 50', 0)
 2 SYSTEMPATH\Database\BaseConnection.php(734): CodeIgniter\Database\MySQLi\Connection->execute('SELECT `id`, `kode`, `unit`, `parent`, `nama_investasi`, `progress_lapangan`, `input_photo`
FROM `progress_lapangan`
 LIMIT 50')
 3 SYSTEMPATH\Database\BaseConnection.php(648): CodeIgniter\Database\BaseConnection->simpleQuery('SELECT `id`, `kode`, `unit`, `parent`, `nama_investasi`, `progress_lapangan`, `input_photo`
FROM `progress_lapangan`
 LIMIT 50')
 4 SYSTEMPATH\Database\BaseBuilder.php(1644): CodeIgniter\Database\BaseConnection->query('SELECT `id`, `kode`, `unit`, `parent`, `nama_investasi`, `progress_lapangan`, `input_photo`
FROM `progress_lapangan`
 LIMIT 50', [], false)
 5 VENDORPATH\hermawan\codeigniter4-datatables\src\DataTableQuery.php(232): CodeIgniter\Database\BaseBuilder->get()
 6 VENDORPATH\hermawan\codeigniter4-datatables\src\DataTableQuery.php(70): Hermawan\DataTables\DataTableQuery->queryResult()
 7 VENDORPATH\hermawan\codeigniter4-datatables\src\DataTable.php(176): Hermawan\DataTables\DataTableQuery->getDataResult()
 8 APPPATH\Controllers\ProgressLapangan.php(36): Hermawan\DataTables\DataTable->toJson()
 9 SYSTEMPATH\CodeIgniter.php(933): App\Controllers\ProgressLapangan->tableProgressLapangan()
10 SYSTEMPATH\CodeIgniter.php(509): CodeIgniter\CodeIgniter->runController(Object(App\Controllers\ProgressLapangan))
11 SYSTEMPATH\CodeIgniter.php(355): CodeIgniter\CodeIgniter->handleRequest(null, Object(Config\Cache), false)
12 SYSTEMPATH\Boot.php(325): CodeIgniter\CodeIgniter->run()
13 SYSTEMPATH\Boot.php(67): CodeIgniter\Boot::runCodeIgniter(Object(CodeIgniter\CodeIgniter))
14 FCPATH\index.php(56): CodeIgniter\Boot::bootWeb(Object(Config\Paths))
15 SYSTEMPATH\rewrite.php(44): require_once('C:\\laragon\\www\\ci4monica\\public\\index.php')
ERROR - 2024-09-08 14:31:37 --> mysqli_sql_exception: Unknown column 'input_photo' in 'field list' in C:\laragon\www\ci4monica\vendor\codeigniter4\framework\system\Database\MySQLi\Connection.php:312
Stack trace:
#0 C:\laragon\www\ci4monica\vendor\codeigniter4\framework\system\Database\MySQLi\Connection.php(312): mysqli->query('SELECT `id`, `k...', 0)
#1 C:\laragon\www\ci4monica\vendor\codeigniter4\framework\system\Database\BaseConnection.php(734): CodeIgniter\Database\MySQLi\Connection->execute('SELECT `id`, `k...')
#2 C:\laragon\www\ci4monica\vendor\codeigniter4\framework\system\Database\BaseConnection.php(648): CodeIgniter\Database\BaseConnection->simpleQuery('SELECT `id`, `k...')
#3 C:\laragon\www\ci4monica\vendor\codeigniter4\framework\system\Database\BaseBuilder.php(1644): CodeIgniter\Database\BaseConnection->query('SELECT `id`, `k...', Array, false)
#4 C:\laragon\www\ci4monica\vendor\hermawan\codeigniter4-datatables\src\DataTableQuery.php(232): CodeIgniter\Database\BaseBuilder->get()
#5 C:\laragon\www\ci4monica\vendor\hermawan\codeigniter4-datatables\src\DataTableQuery.php(70): Hermawan\DataTables\DataTableQuery->queryResult()
#6 C:\laragon\www\ci4monica\vendor\hermawan\codeigniter4-datatables\src\DataTable.php(176): Hermawan\DataTables\DataTableQuery->getDataResult()
#7 C:\laragon\www\ci4monica\app\Controllers\ProgressLapangan.php(36): Hermawan\DataTables\DataTable->toJson()
#8 C:\laragon\www\ci4monica\vendor\codeigniter4\framework\system\CodeIgniter.php(933): App\Controllers\ProgressLapangan->tableProgressLapangan()
#9 C:\laragon\www\ci4monica\vendor\codeigniter4\framework\system\CodeIgniter.php(509): CodeIgniter\CodeIgniter->runController(Object(App\Controllers\ProgressLapangan))
#10 C:\laragon\www\ci4monica\vendor\codeigniter4\framework\system\CodeIgniter.php(355): CodeIgniter\CodeIgniter->handleRequest(NULL, Object(Config\Cache), false)
#11 C:\laragon\www\ci4monica\vendor\codeigniter4\framework\system\Boot.php(325): CodeIgniter\CodeIgniter->run()
#12 C:\laragon\www\ci4monica\vendor\codeigniter4\framework\system\Boot.php(67): CodeIgniter\Boot::runCodeIgniter(Object(CodeIgniter\CodeIgniter))
#13 C:\laragon\www\ci4monica\public\index.php(56): CodeIgniter\Boot::bootWeb(Object(Config\Paths))
#14 C:\laragon\www\ci4monica\vendor\codeigniter4\framework\system\rewrite.php(44): require_once('C:\\laragon\\www\\...')
#15 {main}
CRITICAL - 2024-09-08 14:31:37 --> CodeIgniter\Database\Exceptions\DatabaseException: Unknown column 'input_photo' in 'field list'
[Method: POST, Route: progresslapangan/tableProgressLapangan]
in SYSTEMPATH\Database\BaseConnection.php on line 688.
 1 SYSTEMPATH\Database\BaseBuilder.php(1644): CodeIgniter\Database\BaseConnection->query('SELECT `id`, `kode`, `unit`, `parent`, `nama_investasi`, `progress_lapangan`, `input_photo`
FROM `progress_lapangan`
 LIMIT 50', [], false)
 2 VENDORPATH\hermawan\codeigniter4-datatables\src\DataTableQuery.php(232): CodeIgniter\Database\BaseBuilder->get()
 3 VENDORPATH\hermawan\codeigniter4-datatables\src\DataTableQuery.php(70): Hermawan\DataTables\DataTableQuery->queryResult()
 4 VENDORPATH\hermawan\codeigniter4-datatables\src\DataTable.php(176): Hermawan\DataTables\DataTableQuery->getDataResult()
 5 APPPATH\Controllers\ProgressLapangan.php(36): Hermawan\DataTables\DataTable->toJson()
 6 SYSTEMPATH\CodeIgniter.php(933): App\Controllers\ProgressLapangan->tableProgressLapangan()
 7 SYSTEMPATH\CodeIgniter.php(509): CodeIgniter\CodeIgniter->runController(Object(App\Controllers\ProgressLapangan))
 8 SYSTEMPATH\CodeIgniter.php(355): CodeIgniter\CodeIgniter->handleRequest(null, Object(Config\Cache), false)
 9 SYSTEMPATH\Boot.php(325): CodeIgniter\CodeIgniter->run()
10 SYSTEMPATH\Boot.php(67): CodeIgniter\Boot::runCodeIgniter(Object(CodeIgniter\CodeIgniter))
11 FCPATH\index.php(56): CodeIgniter\Boot::bootWeb(Object(Config\Paths))
12 SYSTEMPATH\rewrite.php(44): require_once('C:\\laragon\\www\\ci4monica\\public\\index.php')
CRITICAL - 2024-09-08 14:31:37 --> [Caused by] CodeIgniter\Database\Exceptions\DatabaseException: Unknown column 'input_photo' in 'field list'
in SYSTEMPATH\Database\MySQLi\Connection.php on line 317.
 1 SYSTEMPATH\Database\BaseConnection.php(734): CodeIgniter\Database\MySQLi\Connection->execute('SELECT `id`, `kode`, `unit`, `parent`, `nama_investasi`, `progress_lapangan`, `input_photo`
FROM `progress_lapangan`
 LIMIT 50')
 2 SYSTEMPATH\Database\BaseConnection.php(648): CodeIgniter\Database\BaseConnection->simpleQuery('SELECT `id`, `kode`, `unit`, `parent`, `nama_investasi`, `progress_lapangan`, `input_photo`
FROM `progress_lapangan`
 LIMIT 50')
 3 SYSTEMPATH\Database\BaseBuilder.php(1644): CodeIgniter\Database\BaseConnection->query('SELECT `id`, `kode`, `unit`, `parent`, `nama_investasi`, `progress_lapangan`, `input_photo`
FROM `progress_lapangan`
 LIMIT 50', [], false)
 4 VENDORPATH\hermawan\codeigniter4-datatables\src\DataTableQuery.php(232): CodeIgniter\Database\BaseBuilder->get()
 5 VENDORPATH\hermawan\codeigniter4-datatables\src\DataTableQuery.php(70): Hermawan\DataTables\DataTableQuery->queryResult()
 6 VENDORPATH\hermawan\codeigniter4-datatables\src\DataTable.php(176): Hermawan\DataTables\DataTableQuery->getDataResult()
 7 APPPATH\Controllers\ProgressLapangan.php(36): Hermawan\DataTables\DataTable->toJson()
 8 SYSTEMPATH\CodeIgniter.php(933): App\Controllers\ProgressLapangan->tableProgressLapangan()
 9 SYSTEMPATH\CodeIgniter.php(509): CodeIgniter\CodeIgniter->runController(Object(App\Controllers\ProgressLapangan))
10 SYSTEMPATH\CodeIgniter.php(355): CodeIgniter\CodeIgniter->handleRequest(null, Object(Config\Cache), false)
11 SYSTEMPATH\Boot.php(325): CodeIgniter\CodeIgniter->run()
12 SYSTEMPATH\Boot.php(67): CodeIgniter\Boot::runCodeIgniter(Object(CodeIgniter\CodeIgniter))
13 FCPATH\index.php(56): CodeIgniter\Boot::bootWeb(Object(Config\Paths))
14 SYSTEMPATH\rewrite.php(44): require_once('C:\\laragon\\www\\ci4monica\\public\\index.php')
CRITICAL - 2024-09-08 14:31:37 --> [Caused by] mysqli_sql_exception: Unknown column 'input_photo' in 'field list'
in SYSTEMPATH\Database\MySQLi\Connection.php on line 312.
 1 SYSTEMPATH\Database\MySQLi\Connection.php(312): mysqli->query('SELECT `id`, `kode`, `unit`, `parent`, `nama_investasi`, `progress_lapangan`, `input_photo`
FROM `progress_lapangan`
 LIMIT 50', 0)
 2 SYSTEMPATH\Database\BaseConnection.php(734): CodeIgniter\Database\MySQLi\Connection->execute('SELECT `id`, `kode`, `unit`, `parent`, `nama_investasi`, `progress_lapangan`, `input_photo`
FROM `progress_lapangan`
 LIMIT 50')
 3 SYSTEMPATH\Database\BaseConnection.php(648): CodeIgniter\Database\BaseConnection->simpleQuery('SELECT `id`, `kode`, `unit`, `parent`, `nama_investasi`, `progress_lapangan`, `input_photo`
FROM `progress_lapangan`
 LIMIT 50')
 4 SYSTEMPATH\Database\BaseBuilder.php(1644): CodeIgniter\Database\BaseConnection->query('SELECT `id`, `kode`, `unit`, `parent`, `nama_investasi`, `progress_lapangan`, `input_photo`
FROM `progress_lapangan`
 LIMIT 50', [], false)
 5 VENDORPATH\hermawan\codeigniter4-datatables\src\DataTableQuery.php(232): CodeIgniter\Database\BaseBuilder->get()
 6 VENDORPATH\hermawan\codeigniter4-datatables\src\DataTableQuery.php(70): Hermawan\DataTables\DataTableQuery->queryResult()
 7 VENDORPATH\hermawan\codeigniter4-datatables\src\DataTable.php(176): Hermawan\DataTables\DataTableQuery->getDataResult()
 8 APPPATH\Controllers\ProgressLapangan.php(36): Hermawan\DataTables\DataTable->toJson()
 9 SYSTEMPATH\CodeIgniter.php(933): App\Controllers\ProgressLapangan->tableProgressLapangan()
10 SYSTEMPATH\CodeIgniter.php(509): CodeIgniter\CodeIgniter->runController(Object(App\Controllers\ProgressLapangan))
11 SYSTEMPATH\CodeIgniter.php(355): CodeIgniter\CodeIgniter->handleRequest(null, Object(Config\Cache), false)
12 SYSTEMPATH\Boot.php(325): CodeIgniter\CodeIgniter->run()
13 SYSTEMPATH\Boot.php(67): CodeIgniter\Boot::runCodeIgniter(Object(CodeIgniter\CodeIgniter))
14 FCPATH\index.php(56): CodeIgniter\Boot::bootWeb(Object(Config\Paths))
15 SYSTEMPATH\rewrite.php(44): require_once('C:\\laragon\\www\\ci4monica\\public\\index.php')
INFO - 2024-09-08 14:46:39 --> Session: Class initialized using 'CodeIgniter\Session\Handlers\FileHandler' driver.
INFO - 2024-09-08 14:50:15 --> Session: Class initialized using 'CodeIgniter\Session\Handlers\FileHandler' driver.
INFO - 2024-09-08 14:51:40 --> Session: Class initialized using 'CodeIgniter\Session\Handlers\FileHandler' driver.
INFO - 2024-09-08 14:53:46 --> Session: Class initialized using 'CodeIgniter\Session\Handlers\FileHandler' driver.
INFO - 2024-09-08 14:54:08 --> Session: Class initialized using 'CodeIgniter\Session\Handlers\FileHandler' driver.
INFO - 2024-09-08 14:54:22 --> Session: Class initialized using 'CodeIgniter\Session\Handlers\FileHandler' driver.
INFO - 2024-09-08 14:55:37 --> Session: Class initialized using 'CodeIgniter\Session\Handlers\FileHandler' driver.
INFO - 2024-09-08 14:57:03 --> Session: Class initialized using 'CodeIgniter\Session\Handlers\FileHandler' driver.
INFO - 2024-09-08 14:57:43 --> Session: Class initialized using 'CodeIgniter\Session\Handlers\FileHandler' driver.
INFO - 2024-09-08 14:58:59 --> Session: Class initialized using 'CodeIgniter\Session\Handlers\FileHandler' driver.
ERROR - 2024-09-08 15:00:25 --> Error connecting to the database: mysqli_sql_exception: A connection attempt failed because the connected party did not properly respond after a period of time, or established connection failed because connected host has failed to respond in C:\laragon\www\ci4monica\vendor\codeigniter4\framework\system\Database\MySQLi\Connection.php:186
Stack trace:
#0 C:\laragon\www\ci4monica\vendor\codeigniter4\framework\system\Database\MySQLi\Connection.php(186): mysqli->real_connect('103.120.206.214', 'mariadb', Object(SensitiveParameterValue), 'ci4monica', 3855, '', 0)
#1 C:\laragon\www\ci4monica\vendor\codeigniter4\framework\system\Database\BaseConnection.php(421): CodeIgniter\Database\MySQLi\Connection->connect(false)
#2 C:\laragon\www\ci4monica\vendor\codeigniter4\framework\system\Database\MySQLi\Connection.php(352): CodeIgniter\Database\BaseConnection->initialize()
#3 C:\laragon\www\ci4monica\vendor\codeigniter4\framework\system\Database\BaseConnection.php(1372): CodeIgniter\Database\MySQLi\Connection->_escapeString('')
#4 C:\laragon\www\ci4monica\vendor\codeigniter4\framework\system\Database\BaseConnection.php(1336): CodeIgniter\Database\BaseConnection->escapeString('')
#5 C:\laragon\www\ci4monica\vendor\codeigniter4\framework\system\Database\Query.php(325): CodeIgniter\Database\BaseConnection->escape('')
#6 C:\laragon\www\ci4monica\vendor\codeigniter4\framework\system\Database\Query.php(312): CodeIgniter\Database\Query->matchNamedBinds('SELECT `id`, `k...', Array)
#7 C:\laragon\www\ci4monica\vendor\codeigniter4\framework\system\Database\Query.php(163): CodeIgniter\Database\Query->compileBinds()
#8 C:\laragon\www\ci4monica\vendor\codeigniter4\framework\system\Database\BaseBuilder.php(1622): CodeIgniter\Database\Query->getQuery()
#9 C:\laragon\www\ci4monica\vendor\codeigniter4\framework\system\Database\BaseBuilder.php(1606): CodeIgniter\Database\BaseBuilder->compileFinalQuery('SELECT `id`, `k...')
#10 C:\laragon\www\ci4monica\vendor\hermawan\codeigniter4-datatables\src\DataTableColumnDefs.php(245): CodeIgniter\Database\BaseBuilder->getCompiledSelect(false)
#11 C:\laragon\www\ci4monica\vendor\hermawan\codeigniter4-datatables\src\DataTableColumnDefs.php(17): Hermawan\DataTables\DataTableColumnDefs->initFromBuilder(Object(CodeIgniter\Database\MySQLi\Builder))
#12 C:\laragon\www\ci4monica\vendor\hermawan\codeigniter4-datatables\src\DataTable.php(35): Hermawan\DataTables\DataTableColumnDefs->__construct(Object(CodeIgniter\Database\MySQLi\Builder))
#13 C:\laragon\www\ci4monica\vendor\hermawan\codeigniter4-datatables\src\DataTable.php(46): Hermawan\DataTables\DataTable->__construct(Object(CodeIgniter\Database\MySQLi\Builder))
#14 C:\laragon\www\ci4monica\app\Controllers\ProgressPKS.php(32): Hermawan\DataTables\DataTable::of(Object(CodeIgniter\Database\MySQLi\Builder))
#15 C:\laragon\www\ci4monica\vendor\codeigniter4\framework\system\CodeIgniter.php(933): App\Controllers\ProgressPKS->table()
#16 C:\laragon\www\ci4monica\vendor\codeigniter4\framework\system\CodeIgniter.php(509): CodeIgniter\CodeIgniter->runController(Object(App\Controllers\ProgressPKS))
#17 C:\laragon\www\ci4monica\vendor\codeigniter4\framework\system\CodeIgniter.php(355): CodeIgniter\CodeIgniter->handleRequest(NULL, Object(Config\Cache), false)
#18 C:\laragon\www\ci4monica\vendor\codeigniter4\framework\system\Boot.php(325): CodeIgniter\CodeIgniter->run()
#19 C:\laragon\www\ci4monica\vendor\codeigniter4\framework\system\Boot.php(67): CodeIgniter\Boot::runCodeIgniter(Object(CodeIgniter\CodeIgniter))
#20 C:\laragon\www\ci4monica\public\index.php(56): CodeIgniter\Boot::bootWeb(Object(Config\Paths))
#21 C:\laragon\www\ci4monica\vendor\codeigniter4\framework\system\rewrite.php(44): require_once('C:\\laragon\\www\\...')
#22 {main}

Next CodeIgniter\Database\Exceptions\DatabaseException: A connection attempt failed because the connected party did not properly respond after a period of time, or established connection failed because connected host has failed to respond in C:\laragon\www\ci4monica\vendor\codeigniter4\framework\system\Database\MySQLi\Connection.php:231
Stack trace:
#0 C:\laragon\www\ci4monica\vendor\codeigniter4\framework\system\Database\BaseConnection.php(421): CodeIgniter\Database\MySQLi\Connection->connect(false)
#1 C:\laragon\www\ci4monica\vendor\codeigniter4\framework\system\Database\MySQLi\Connection.php(352): CodeIgniter\Database\BaseConnection->initialize()
#2 C:\laragon\www\ci4monica\vendor\codeigniter4\framework\system\Database\BaseConnection.php(1372): CodeIgniter\Database\MySQLi\Connection->_escapeString('')
#3 C:\laragon\www\ci4monica\vendor\codeigniter4\framework\system\Database\BaseConnection.php(1336): CodeIgniter\Database\BaseConnection->escapeString('')
#4 C:\laragon\www\ci4monica\vendor\codeigniter4\framework\system\Database\Query.php(325): CodeIgniter\Database\BaseConnection->escape('')
#5 C:\laragon\www\ci4monica\vendor\codeigniter4\framework\system\Database\Query.php(312): CodeIgniter\Database\Query->matchNamedBinds('SELECT `id`, `k...', Array)
#6 C:\laragon\www\ci4monica\vendor\codeigniter4\framework\system\Database\Query.php(163): CodeIgniter\Database\Query->compileBinds()
#7 C:\laragon\www\ci4monica\vendor\codeigniter4\framework\system\Database\BaseBuilder.php(1622): CodeIgniter\Database\Query->getQuery()
#8 C:\laragon\www\ci4monica\vendor\codeigniter4\framework\system\Database\BaseBuilder.php(1606): CodeIgniter\Database\BaseBuilder->compileFinalQuery('SELECT `id`, `k...')
#9 C:\laragon\www\ci4monica\vendor\hermawan\codeigniter4-datatables\src\DataTableColumnDefs.php(245): CodeIgniter\Database\BaseBuilder->getCompiledSelect(false)
#10 C:\laragon\www\ci4monica\vendor\hermawan\codeigniter4-datatables\src\DataTableColumnDefs.php(17): Hermawan\DataTables\DataTableColumnDefs->initFromBuilder(Object(CodeIgniter\Database\MySQLi\Builder))
#11 C:\laragon\www\ci4monica\vendor\hermawan\codeigniter4-datatables\src\DataTable.php(35): Hermawan\DataTables\DataTableColumnDefs->__construct(Object(CodeIgniter\Database\MySQLi\Builder))
#12 C:\laragon\www\ci4monica\vendor\hermawan\codeigniter4-datatables\src\DataTable.php(46): Hermawan\DataTables\DataTable->__construct(Object(CodeIgniter\Database\MySQLi\Builder))
#13 C:\laragon\www\ci4monica\app\Controllers\ProgressPKS.php(32): Hermawan\DataTables\DataTable::of(Object(CodeIgniter\Database\MySQLi\Builder))
#14 C:\laragon\www\ci4monica\vendor\codeigniter4\framework\system\CodeIgniter.php(933): App\Controllers\ProgressPKS->table()
#15 C:\laragon\www\ci4monica\vendor\codeigniter4\framework\system\CodeIgniter.php(509): CodeIgniter\CodeIgniter->runController(Object(App\Controllers\ProgressPKS))
#16 C:\laragon\www\ci4monica\vendor\codeigniter4\framework\system\CodeIgniter.php(355): CodeIgniter\CodeIgniter->handleRequest(NULL, Object(Config\Cache), false)
#17 C:\laragon\www\ci4monica\vendor\codeigniter4\framework\system\Boot.php(325): CodeIgniter\CodeIgniter->run()
#18 C:\laragon\www\ci4monica\vendor\codeigniter4\framework\system\Boot.php(67): CodeIgniter\Boot::runCodeIgniter(Object(CodeIgniter\CodeIgniter))
#19 C:\laragon\www\ci4monica\public\index.php(56): CodeIgniter\Boot::bootWeb(Object(Config\Paths))
#20 C:\laragon\www\ci4monica\vendor\codeigniter4\framework\system\rewrite.php(44): require_once('C:\\laragon\\www\\...')
#21 {main}
CRITICAL - 2024-09-08 15:00:25 --> CodeIgniter\Database\Exceptions\DatabaseException: Unable to connect to the database.
Main connection [MySQLi]: A connection attempt failed because the connected party did not properly respond after a period of time, or established connection failed because connected host has failed to respond
[Method: POST, Route: ProgressPKS/table]
in SYSTEMPATH\Database\BaseConnection.php on line 467.
 1 SYSTEMPATH\Database\MySQLi\Connection.php(352): CodeIgniter\Database\BaseConnection->initialize()
 2 SYSTEMPATH\Database\BaseConnection.php(1372): CodeIgniter\Database\MySQLi\Connection->_escapeString('')
 3 SYSTEMPATH\Database\BaseConnection.php(1336): CodeIgniter\Database\BaseConnection->escapeString('')
 4 SYSTEMPATH\Database\Query.php(325): CodeIgniter\Database\BaseConnection->escape('')
 5 SYSTEMPATH\Database\Query.php(312): CodeIgniter\Database\Query->matchNamedBinds('SELECT `id`, `kode`, `unit`, `parent`, `nama_investasi`, `nomor_ppab_pp`
FROM `sumber_ips`
WHERE `nomor_ppab_pp` != :nomor_ppab_pp:', [...])
 6 SYSTEMPATH\Database\Query.php(163): CodeIgniter\Database\Query->compileBinds()
 7 SYSTEMPATH\Database\BaseBuilder.php(1622): CodeIgniter\Database\Query->getQuery()
 8 SYSTEMPATH\Database\BaseBuilder.php(1606): CodeIgniter\Database\BaseBuilder->compileFinalQuery('SELECT `id`, `kode`, `unit`, `parent`, `nama_investasi`, `nomor_ppab_pp`
FROM `sumber_ips`
WHERE `nomor_ppab_pp` != :nomor_ppab_pp:')
 9 VENDORPATH\hermawan\codeigniter4-datatables\src\DataTableColumnDefs.php(245): CodeIgniter\Database\BaseBuilder->getCompiledSelect(false)
10 VENDORPATH\hermawan\codeigniter4-datatables\src\DataTableColumnDefs.php(17): Hermawan\DataTables\DataTableColumnDefs->initFromBuilder(Object(CodeIgniter\Database\MySQLi\Builder))
11 VENDORPATH\hermawan\codeigniter4-datatables\src\DataTable.php(35): Hermawan\DataTables\DataTableColumnDefs->__construct(Object(CodeIgniter\Database\MySQLi\Builder))
12 VENDORPATH\hermawan\codeigniter4-datatables\src\DataTable.php(46): Hermawan\DataTables\DataTable->__construct(Object(CodeIgniter\Database\MySQLi\Builder))
13 APPPATH\Controllers\ProgressPKS.php(32): Hermawan\DataTables\DataTable::of(Object(CodeIgniter\Database\MySQLi\Builder))
14 SYSTEMPATH\CodeIgniter.php(933): App\Controllers\ProgressPKS->table()
15 SYSTEMPATH\CodeIgniter.php(509): CodeIgniter\CodeIgniter->runController(Object(App\Controllers\ProgressPKS))
16 SYSTEMPATH\CodeIgniter.php(355): CodeIgniter\CodeIgniter->handleRequest(null, Object(Config\Cache), false)
17 SYSTEMPATH\Boot.php(325): CodeIgniter\CodeIgniter->run()
18 SYSTEMPATH\Boot.php(67): CodeIgniter\Boot::runCodeIgniter(Object(CodeIgniter\CodeIgniter))
19 FCPATH\index.php(56): CodeIgniter\Boot::bootWeb(Object(Config\Paths))
20 SYSTEMPATH\rewrite.php(44): require_once('C:\\laragon\\www\\ci4monica\\public\\index.php')
CRITICAL - 2024-09-08 15:00:38 --> ParseError: syntax error, unexpected token "=>", expecting "]"
[Method: POST, Route: ProgressPKS/table]
in APPPATH\Controllers\BaseController.php on line 69.
 1 VENDORPATH\composer\ClassLoader.php(427): Composer\Autoload\{closure}('C:\\laragon\\www\\ci4monica\\vendor\\composer/../../app/Controllers/BaseController.php')
 2 APPPATH\Controllers\ProgressPKS.php(11): Composer\Autoload\ClassLoader->loadClass('App\\Controllers\\BaseController')
 3 SYSTEMPATH\Router\AutoRouter.php(147): include_once('C:\\laragon\\www\\ci4monica\\app\\Controllers\\ProgressPKS.php')
 4 SYSTEMPATH\Router\Router.php(563): CodeIgniter\Router\AutoRouter->getRoute('ProgressPKS/table', 'POST')
 5 SYSTEMPATH\Router\Router.php(228): CodeIgniter\Router\Router->autoRoute('ProgressPKS/table')
 6 SYSTEMPATH\CodeIgniter.php(834): CodeIgniter\Router\Router->handle('ProgressPKS/table')
 7 SYSTEMPATH\CodeIgniter.php(457): CodeIgniter\CodeIgniter->tryToRouteIt(Object(CodeIgniter\Router\RouteCollection))
 8 SYSTEMPATH\CodeIgniter.php(355): CodeIgniter\CodeIgniter->handleRequest(null, Object(Config\Cache), false)
 9 SYSTEMPATH\Boot.php(325): CodeIgniter\CodeIgniter->run()
10 SYSTEMPATH\Boot.php(67): CodeIgniter\Boot::runCodeIgniter(Object(CodeIgniter\CodeIgniter))
11 FCPATH\index.php(56): CodeIgniter\Boot::bootWeb(Object(Config\Paths))
12 SYSTEMPATH\rewrite.php(44): require_once('C:\\laragon\\www\\ci4monica\\public\\index.php')
CRITICAL - 2024-09-08 15:00:38 --> ParseError: syntax error, unexpected token "=>", expecting "]"
[Method: POST, Route: ProgressPKS/table]
in APPPATH\Controllers\BaseController.php on line 69.
 1 VENDORPATH\composer\ClassLoader.php(427): Composer\Autoload\{closure}('C:\\laragon\\www\\ci4monica\\vendor\\composer/../../app/Controllers/BaseController.php')
 2 APPPATH\Controllers\ProgressPKS.php(11): Composer\Autoload\ClassLoader->loadClass('App\\Controllers\\BaseController')
 3 SYSTEMPATH\Router\AutoRouter.php(147): include_once('C:\\laragon\\www\\ci4monica\\app\\Controllers\\ProgressPKS.php')
 4 SYSTEMPATH\Router\Router.php(563): CodeIgniter\Router\AutoRouter->getRoute('ProgressPKS/table', 'POST')
 5 SYSTEMPATH\Router\Router.php(228): CodeIgniter\Router\Router->autoRoute('ProgressPKS/table')
 6 SYSTEMPATH\CodeIgniter.php(834): CodeIgniter\Router\Router->handle('ProgressPKS/table')
 7 SYSTEMPATH\CodeIgniter.php(457): CodeIgniter\CodeIgniter->tryToRouteIt(Object(CodeIgniter\Router\RouteCollection))
 8 SYSTEMPATH\CodeIgniter.php(355): CodeIgniter\CodeIgniter->handleRequest(null, Object(Config\Cache), false)
 9 SYSTEMPATH\Boot.php(325): CodeIgniter\CodeIgniter->run()
10 SYSTEMPATH\Boot.php(67): CodeIgniter\Boot::runCodeIgniter(Object(CodeIgniter\CodeIgniter))
11 FCPATH\index.php(56): CodeIgniter\Boot::bootWeb(Object(Config\Paths))
12 SYSTEMPATH\rewrite.php(44): require_once('C:\\laragon\\www\\ci4monica\\public\\index.php')
CRITICAL - 2024-09-08 15:00:38 --> ParseError: syntax error, unexpected token "=>", expecting "]"
[Method: POST, Route: ProgressPKS/table]
in APPPATH\Controllers\BaseController.php on line 69.
 1 VENDORPATH\composer\ClassLoader.php(427): Composer\Autoload\{closure}('C:\\laragon\\www\\ci4monica\\vendor\\composer/../../app/Controllers/BaseController.php')
 2 APPPATH\Controllers\ProgressPKS.php(11): Composer\Autoload\ClassLoader->loadClass('App\\Controllers\\BaseController')
 3 SYSTEMPATH\Router\AutoRouter.php(147): include_once('C:\\laragon\\www\\ci4monica\\app\\Controllers\\ProgressPKS.php')
 4 SYSTEMPATH\Router\Router.php(563): CodeIgniter\Router\AutoRouter->getRoute('ProgressPKS/table', 'POST')
 5 SYSTEMPATH\Router\Router.php(228): CodeIgniter\Router\Router->autoRoute('ProgressPKS/table')
 6 SYSTEMPATH\CodeIgniter.php(834): CodeIgniter\Router\Router->handle('ProgressPKS/table')
 7 SYSTEMPATH\CodeIgniter.php(457): CodeIgniter\CodeIgniter->tryToRouteIt(Object(CodeIgniter\Router\RouteCollection))
 8 SYSTEMPATH\CodeIgniter.php(355): CodeIgniter\CodeIgniter->handleRequest(null, Object(Config\Cache), false)
 9 SYSTEMPATH\Boot.php(325): CodeIgniter\CodeIgniter->run()
10 SYSTEMPATH\Boot.php(67): CodeIgniter\Boot::runCodeIgniter(Object(CodeIgniter\CodeIgniter))
11 FCPATH\index.php(56): CodeIgniter\Boot::bootWeb(Object(Config\Paths))
12 SYSTEMPATH\rewrite.php(44): require_once('C:\\laragon\\www\\ci4monica\\public\\index.php')
INFO - 2024-09-08 15:01:41 --> Session: Class initialized using 'CodeIgniter\Session\Handlers\FileHandler' driver.
